{"/mnt/d/projects/tests/GitHubSearch/src/assets/images/BackIconImg.png": {"path":"/mnt/d/projects/tests/GitHubSearch/src/assets/images/BackIconImg.png","statementMap":{"0":{"start":{"line":1,"column":0},"end":{"line":4,"column":6}}},"fnMap":{},"branchMap":{},"s":{"0":1},"f":{},"b":{},"_coverageSchema":"43e27e138ebf9cfc5966b082cf9a028302ed4184","hash":"b233499428edb0a807c43b588dd2420ea8a4b96d"}
,"/mnt/d/projects/tests/GitHubSearch/src/assets/images/HeaderLogoImg.png": {"path":"/mnt/d/projects/tests/GitHubSearch/src/assets/images/HeaderLogoImg.png","statementMap":{"0":{"start":{"line":1,"column":0},"end":{"line":4,"column":6}}},"fnMap":{},"branchMap":{},"s":{"0":1},"f":{},"b":{},"_coverageSchema":"43e27e138ebf9cfc5966b082cf9a028302ed4184","hash":"8aa3b75c582658b8df6b8d9919c839e96e6909a9"}
,"/mnt/d/projects/tests/GitHubSearch/src/components/theme.js": {"path":"/mnt/d/projects/tests/GitHubSearch/src/components/theme.js","statementMap":{"0":{"start":{"line":1,"column":13},"end":{"line":1,"column":75}},"1":{"start":{"line":1,"column":75},"end":{"line":1,"column":100}},"2":{"start":{"line":1,"column":113},"end":{"line":8,"column":19}},"3":{"start":{"line":11,"column":14},"end":{"line":13,"column":14}},"4":{"start":{"line":16,"column":24},"end":{"line":24,"column":1}},"5":{"start":{"line":17,"column":13},"end":{"line":17,"column":31}},"6":{"start":{"line":18,"column":2},"end":{"line":22,"column":3}},"7":{"start":{"line":18,"column":15},"end":{"line":18,"column":16}},"8":{"start":{"line":19,"column":4},"end":{"line":21,"column":5}},"9":{"start":{"line":20,"column":6},"end":{"line":20,"column":29}},"10":{"start":{"line":23,"column":2},"end":{"line":23,"column":24}},"11":{"start":{"line":26,"column":12},"end":{"line":29,"column":40}},"12":{"start":{"line":32,"column":0},"end":{"line":32,"column":5}},"13":{"start":{"line":32,"column":6},"end":{"line":32,"column":33}}},"fnMap":{"0":{"name":"getColorFromProps","decl":{"start":{"line":16,"column":33},"end":{"line":16,"column":50}},"loc":{"start":{"line":16,"column":58},"end":{"line":24,"column":1}},"line":16}},"branchMap":{"0":{"loc":{"start":{"line":19,"column":4},"end":{"line":21,"column":5}},"type":"if","locations":[{"start":{"line":19,"column":4},"end":{"line":21,"column":5}},{"start":{"line":19,"column":4},"end":{"line":21,"column":5}}],"line":19}},"s":{"0":6,"1":6,"2":6,"3":6,"4":6,"5":8,"6":8,"7":8,"8":20,"9":3,"10":5,"11":6,"12":6,"13":6},"f":{"0":8},"b":{"0":[3,17]},"_coverageSchema":"43e27e138ebf9cfc5966b082cf9a028302ed4184","hash":"18152cc139bb8e412058551951e6fb45c9e41046"}
,"/mnt/d/projects/tests/GitHubSearch/src/components/Button/index.js": {"path":"/mnt/d/projects/tests/GitHubSearch/src/components/Button/index.js","statementMap":{"0":{"start":{"line":1,"column":42},"end":{"line":1,"column":97}},"1":{"start":{"line":1,"column":128},"end":{"line":1,"column":184}},"2":{"start":{"line":1,"column":185},"end":{"line":1,"column":247}},"3":{"start":{"line":1,"column":247},"end":{"line":1,"column":272}},"4":{"start":{"line":1,"column":288},"end":{"line":1,"column":353}},"5":{"start":{"line":1,"column":386},"end":{"line":1,"column":467}},"6":{"start":{"line":1,"column":481},"end":{"line":1,"column":522}},"7":{"start":{"line":2,"column":17},"end":{"line":2,"column":62}},"8":{"start":{"line":4,"column":14},"end":{"line":4,"column":33}},"9":{"start":{"line":4,"column":53},"end":{"line":4,"column":120}},"10":{"start":{"line":6,"column":13},"end":{"line":12,"column":1}},"11":{"start":{"line":6,"column":48},"end":{"line":6,"column":58}},"12":{"start":{"line":6,"column":69},"end":{"line":6,"column":81}},"13":{"start":{"line":6,"column":89},"end":{"line":6,"column":155}},"14":{"start":{"line":7,"column":2},"end":{"line":9,"column":119}},"15":{"start":{"line":14,"column":0},"end":{"line":17,"column":35}},"16":{"start":{"line":20,"column":0},"end":{"line":20,"column":24}},"17":{"start":{"line":20,"column":25},"end":{"line":20,"column":52}}},"fnMap":{"0":{"name":"Button","decl":{"start":{"line":6,"column":22},"end":{"line":6,"column":28}},"loc":{"start":{"line":6,"column":35},"end":{"line":12,"column":1}},"line":6}},"branchMap":{},"s":{"0":1,"1":1,"2":1,"3":1,"4":1,"5":1,"6":1,"7":1,"8":1,"9":1,"10":1,"11":3,"12":3,"13":3,"14":3,"15":1,"16":1,"17":1},"f":{"0":3},"b":{},"_coverageSchema":"43e27e138ebf9cfc5966b082cf9a028302ed4184","hash":"1a8f5198b84b892541f0d2db3430782ad45d075e"}
,"/mnt/d/projects/tests/GitHubSearch/src/components/Button/styles.js": {"path":"/mnt/d/projects/tests/GitHubSearch/src/components/Button/styles.js","statementMap":{"0":{"start":{"line":1,"column":42},"end":{"line":1,"column":97}},"1":{"start":{"line":1,"column":98},"end":{"line":1,"column":160}},"2":{"start":{"line":1,"column":160},"end":{"line":1,"column":214}},"3":{"start":{"line":1,"column":249},"end":{"line":1,"column":333}},"4":{"start":{"line":1,"column":348},"end":{"line":1,"column":407}},"5":{"start":{"line":3,"column":13},"end":{"line":3,"column":56}},"6":{"start":{"line":3,"column":97},"end":{"line":3,"column":192}},"7":{"start":{"line":3,"column":193},"end":{"line":3,"column":255}},"8":{"start":{"line":3,"column":241},"end":{"line":3,"column":253}},"9":{"start":{"line":3,"column":255},"end":{"line":3,"column":267}},"10":{"start":{"line":3,"column":307},"end":{"line":3,"column":507}},"11":{"start":{"line":3,"column":508},"end":{"line":3,"column":568}},"12":{"start":{"line":3,"column":554},"end":{"line":3,"column":566}},"13":{"start":{"line":3,"column":568},"end":{"line":3,"column":580}},"14":{"start":{"line":5,"column":22},"end":{"line":12,"column":72}},"15":{"start":{"line":9,"column":14},"end":{"line":9,"column":57}},"16":{"start":{"line":12,"column":14},"end":{"line":12,"column":70}},"17":{"start":{"line":12,"column":73},"end":{"line":12,"column":115}},"18":{"start":{"line":15,"column":17},"end":{"line":16,"column":28}},"19":{"start":{"line":16,"column":29},"end":{"line":16,"column":61}}},"fnMap":{"0":{"name":"_templateObject2","decl":{"start":{"line":3,"column":66},"end":{"line":3,"column":82}},"loc":{"start":{"line":3,"column":85},"end":{"line":3,"column":268}},"line":3},"1":{"name":"_templateObject2","decl":{"start":{"line":3,"column":221},"end":{"line":3,"column":237}},"loc":{"start":{"line":3,"column":240},"end":{"line":3,"column":254}},"line":3},"2":{"name":"_templateObject","decl":{"start":{"line":3,"column":277},"end":{"line":3,"column":292}},"loc":{"start":{"line":3,"column":295},"end":{"line":3,"column":581}},"line":3},"3":{"name":"_templateObject","decl":{"start":{"line":3,"column":535},"end":{"line":3,"column":550}},"loc":{"start":{"line":3,"column":553},"end":{"line":3,"column":567}},"line":3},"4":{"name":"(anonymous_4)","decl":{"start":{"line":9,"column":0},"end":{"line":9,"column":1}},"loc":{"start":{"line":9,"column":13},"end":{"line":9,"column":58}},"line":9},"5":{"name":"(anonymous_5)","decl":{"start":{"line":12,"column":0},"end":{"line":12,"column":1}},"loc":{"start":{"line":12,"column":13},"end":{"line":12,"column":71}},"line":12}},"branchMap":{"0":{"loc":{"start":{"line":12,"column":21},"end":{"line":12,"column":69}},"type":"cond-expr","locations":[{"start":{"line":12,"column":32},"end":{"line":12,"column":65}},{"start":{"line":12,"column":68},"end":{"line":12,"column":69}}],"line":12}},"s":{"0":1,"1":1,"2":1,"3":1,"4":1,"5":1,"6":1,"7":1,"8":0,"9":1,"10":1,"11":1,"12":0,"13":1,"14":1,"15":4,"16":4,"17":1,"18":1,"19":1},"f":{"0":1,"1":0,"2":1,"3":0,"4":4,"5":4},"b":{"0":[1,3]},"_coverageSchema":"43e27e138ebf9cfc5966b082cf9a028302ed4184","hash":"debec2dee55c21c766899bda58d23eec42f67da9"}
,"/mnt/d/projects/tests/GitHubSearch/src/components/Loading/index.js": {"path":"/mnt/d/projects/tests/GitHubSearch/src/components/Loading/index.js","statementMap":{"0":{"start":{"line":1,"column":42},"end":{"line":1,"column":97}},"1":{"start":{"line":1,"column":128},"end":{"line":1,"column":184}},"2":{"start":{"line":1,"column":185},"end":{"line":1,"column":247}},"3":{"start":{"line":1,"column":247},"end":{"line":1,"column":272}},"4":{"start":{"line":1,"column":294},"end":{"line":1,"column":365}},"5":{"start":{"line":1,"column":379},"end":{"line":1,"column":420}},"6":{"start":{"line":2,"column":19},"end":{"line":2,"column":42}},"7":{"start":{"line":3,"column":17},"end":{"line":3,"column":62}},"8":{"start":{"line":5,"column":14},"end":{"line":5,"column":33}},"9":{"start":{"line":6,"column":13},"end":{"line":6,"column":56}},"10":{"start":{"line":6,"column":76},"end":{"line":6,"column":144}},"11":{"start":{"line":8,"column":14},"end":{"line":31,"column":1}},"12":{"start":{"line":8,"column":49},"end":{"line":8,"column":58}},"13":{"start":{"line":9,"column":2},"end":{"line":9,"column":24}},"14":{"start":{"line":9,"column":38},"end":{"line":9,"column":80}},"15":{"start":{"line":9,"column":89},"end":{"line":9,"column":102}},"16":{"start":{"line":9,"column":114},"end":{"line":9,"column":127}},"17":{"start":{"line":10,"column":13},"end":{"line":10,"column":33}},"18":{"start":{"line":12,"column":2},"end":{"line":24,"column":13}},"19":{"start":{"line":13,"column":4},"end":{"line":23,"column":5}},"20":{"start":{"line":14,"column":6},"end":{"line":14,"column":21}},"21":{"start":{"line":15,"column":6},"end":{"line":22,"column":7}},"22":{"start":{"line":16,"column":8},"end":{"line":16,"column":52}},"23":{"start":{"line":17,"column":8},"end":{"line":17,"column":30}},"24":{"start":{"line":19,"column":8},"end":{"line":21,"column":80}},"25":{"start":{"line":21,"column":26},"end":{"line":21,"column":77}},"26":{"start":{"line":26,"column":2},"end":{"line":28,"column":178}},"27":{"start":{"line":33,"column":0},"end":{"line":34,"column":45}},"28":{"start":{"line":37,"column":0},"end":{"line":37,"column":25}},"29":{"start":{"line":37,"column":26},"end":{"line":37,"column":53}}},"fnMap":{"0":{"name":"Loading","decl":{"start":{"line":8,"column":23},"end":{"line":8,"column":30}},"loc":{"start":{"line":8,"column":37},"end":{"line":31,"column":1}},"line":8},"1":{"name":"(anonymous_1)","decl":{"start":{"line":12,"column":24},"end":{"line":12,"column":25}},"loc":{"start":{"line":12,"column":36},"end":{"line":24,"column":3}},"line":12},"2":{"name":"(anonymous_2)","decl":{"start":{"line":21,"column":13},"end":{"line":21,"column":14}},"loc":{"start":{"line":21,"column":25},"end":{"line":21,"column":78}},"line":21}},"branchMap":{"0":{"loc":{"start":{"line":13,"column":4},"end":{"line":23,"column":5}},"type":"if","locations":[{"start":{"line":13,"column":4},"end":{"line":23,"column":5}},{"start":{"line":13,"column":4},"end":{"line":23,"column":5}}],"line":13},"1":{"loc":{"start":{"line":15,"column":6},"end":{"line":22,"column":7}},"type":"if","locations":[{"start":{"line":15,"column":6},"end":{"line":22,"column":7}},{"start":{"line":15,"column":6},"end":{"line":22,"column":7}}],"line":15}},"s":{"0":1,"1":1,"2":1,"3":1,"4":1,"5":1,"6":1,"7":1,"8":1,"9":1,"10":1,"11":1,"12":4,"13":4,"14":4,"15":4,"16":4,"17":4,"18":4,"19":2,"20":2,"21":2,"22":1,"23":1,"24":1,"25":0,"26":4,"27":1,"28":1,"29":1},"f":{"0":4,"1":2,"2":0},"b":{"0":[2,0],"1":[1,1]},"_coverageSchema":"43e27e138ebf9cfc5966b082cf9a028302ed4184","hash":"20c4b88205c369f7d5f2b9676ba97a28cd779c09"}
,"/mnt/d/projects/tests/GitHubSearch/src/components/Loading/styles.js": {"path":"/mnt/d/projects/tests/GitHubSearch/src/components/Loading/styles.js","statementMap":{"0":{"start":{"line":1,"column":42},"end":{"line":1,"column":97}},"1":{"start":{"line":1,"column":98},"end":{"line":1,"column":160}},"2":{"start":{"line":1,"column":160},"end":{"line":1,"column":194}},"3":{"start":{"line":1,"column":229},"end":{"line":1,"column":313}},"4":{"start":{"line":1,"column":328},"end":{"line":1,"column":387}},"5":{"start":{"line":2,"column":29},"end":{"line":2,"column":63}},"6":{"start":{"line":4,"column":13},"end":{"line":4,"column":56}},"7":{"start":{"line":4,"column":96},"end":{"line":4,"column":307}},"8":{"start":{"line":4,"column":308},"end":{"line":4,"column":368}},"9":{"start":{"line":4,"column":354},"end":{"line":4,"column":366}},"10":{"start":{"line":4,"column":368},"end":{"line":4,"column":380}},"11":{"start":{"line":6,"column":23},"end":{"line":15,"column":28}},"12":{"start":{"line":15,"column":29},"end":{"line":15,"column":73}}},"fnMap":{"0":{"name":"_templateObject","decl":{"start":{"line":4,"column":66},"end":{"line":4,"column":81}},"loc":{"start":{"line":4,"column":84},"end":{"line":4,"column":381}},"line":4},"1":{"name":"_templateObject","decl":{"start":{"line":4,"column":335},"end":{"line":4,"column":350}},"loc":{"start":{"line":4,"column":353},"end":{"line":4,"column":367}},"line":4}},"branchMap":{},"s":{"0":1,"1":1,"2":1,"3":1,"4":1,"5":1,"6":1,"7":1,"8":1,"9":0,"10":1,"11":1,"12":1},"f":{"0":1,"1":0},"b":{},"_coverageSchema":"43e27e138ebf9cfc5966b082cf9a028302ed4184","hash":"d6dd2051bcb78404e9b08aa32cee827996f73173"}
,"/mnt/d/projects/tests/GitHubSearch/src/components/common/BackIcon.js": {"path":"/mnt/d/projects/tests/GitHubSearch/src/components/common/BackIcon.js","statementMap":{"0":{"start":{"line":1,"column":42},"end":{"line":1,"column":97}},"1":{"start":{"line":1,"column":98},"end":{"line":1,"column":160}},"2":{"start":{"line":1,"column":160},"end":{"line":1,"column":185}},"3":{"start":{"line":1,"column":201},"end":{"line":1,"column":266}},"4":{"start":{"line":1,"column":280},"end":{"line":1,"column":320}},"5":{"start":{"line":3,"column":14},"end":{"line":3,"column":33}},"6":{"start":{"line":4,"column":19},"end":{"line":4,"column":89}},"7":{"start":{"line":4,"column":109},"end":{"line":4,"column":179}},"8":{"start":{"line":6,"column":15},"end":{"line":8,"column":169}},"9":{"start":{"line":6,"column":41},"end":{"line":8,"column":168}},"10":{"start":{"line":12,"column":0},"end":{"line":12,"column":8}},"11":{"start":{"line":12,"column":9},"end":{"line":12,"column":36}}},"fnMap":{"0":{"name":"BackIcon","decl":{"start":{"line":6,"column":24},"end":{"line":6,"column":32}},"loc":{"start":{"line":6,"column":40},"end":{"line":8,"column":169}},"line":6}},"branchMap":{},"s":{"0":1,"1":1,"2":1,"3":1,"4":1,"5":1,"6":1,"7":1,"8":1,"9":1,"10":1,"11":1},"f":{"0":1},"b":{},"_coverageSchema":"43e27e138ebf9cfc5966b082cf9a028302ed4184","hash":"b58c439dfa0962effe325e4d081b291dd75818d6"}
,"/mnt/d/projects/tests/GitHubSearch/src/components/common/Header.js": {"path":"/mnt/d/projects/tests/GitHubSearch/src/components/common/Header.js","statementMap":{"0":{"start":{"line":1,"column":42},"end":{"line":1,"column":97}},"1":{"start":{"line":1,"column":98},"end":{"line":1,"column":160}},"2":{"start":{"line":1,"column":160},"end":{"line":1,"column":185}},"3":{"start":{"line":1,"column":198},"end":{"line":1,"column":238}},"4":{"start":{"line":2,"column":17},"end":{"line":2,"column":62}},"5":{"start":{"line":4,"column":21},"end":{"line":4,"column":93}},"6":{"start":{"line":5,"column":14},"end":{"line":5,"column":33}},"7":{"start":{"line":6,"column":16},"end":{"line":6,"column":61}},"8":{"start":{"line":6,"column":81},"end":{"line":6,"column":149}},"9":{"start":{"line":8,"column":13},"end":{"line":11,"column":169}},"10":{"start":{"line":8,"column":49},"end":{"line":8,"column":60}},"11":{"start":{"line":8,"column":61},"end":{"line":11,"column":168}},"12":{"start":{"line":15,"column":0},"end":{"line":16,"column":36}},"13":{"start":{"line":19,"column":0},"end":{"line":19,"column":6}},"14":{"start":{"line":19,"column":7},"end":{"line":19,"column":34}}},"fnMap":{"0":{"name":"Header","decl":{"start":{"line":8,"column":22},"end":{"line":8,"column":28}},"loc":{"start":{"line":8,"column":35},"end":{"line":11,"column":169}},"line":8}},"branchMap":{"0":{"loc":{"start":{"line":10,"column":4},"end":{"line":10,"column":136}},"type":"binary-expr","locations":[{"start":{"line":10,"column":4},"end":{"line":10,"column":10}},{"start":{"line":10,"column":14},"end":{"line":10,"column":136}}],"line":10}},"s":{"0":1,"1":1,"2":1,"3":1,"4":1,"5":1,"6":1,"7":1,"8":1,"9":1,"10":2,"11":2,"12":1,"13":1,"14":1},"f":{"0":2},"b":{"0":[2,1]},"_coverageSchema":"43e27e138ebf9cfc5966b082cf9a028302ed4184","hash":"e1a5a428ac4ee27bb503940d8bc5ac0164b4eb71"}
,"/mnt/d/projects/tests/GitHubSearch/src/components/common/Label.js": {"path":"/mnt/d/projects/tests/GitHubSearch/src/components/common/Label.js","statementMap":{"0":{"start":{"line":1,"column":42},"end":{"line":1,"column":97}},"1":{"start":{"line":1,"column":98},"end":{"line":1,"column":160}},"2":{"start":{"line":1,"column":160},"end":{"line":1,"column":185}},"3":{"start":{"line":1,"column":220},"end":{"line":1,"column":304}},"4":{"start":{"line":1,"column":319},"end":{"line":1,"column":378}},"5":{"start":{"line":3,"column":13},"end":{"line":3,"column":56}},"6":{"start":{"line":3,"column":96},"end":{"line":3,"column":201}},"7":{"start":{"line":3,"column":202},"end":{"line":3,"column":262}},"8":{"start":{"line":3,"column":248},"end":{"line":3,"column":260}},"9":{"start":{"line":3,"column":262},"end":{"line":3,"column":274}},"10":{"start":{"line":5,"column":12},"end":{"line":8,"column":34}},"11":{"start":{"line":7,"column":14},"end":{"line":7,"column":57}},"12":{"start":{"line":11,"column":0},"end":{"line":11,"column":5}},"13":{"start":{"line":11,"column":6},"end":{"line":11,"column":33}}},"fnMap":{"0":{"name":"_templateObject","decl":{"start":{"line":3,"column":66},"end":{"line":3,"column":81}},"loc":{"start":{"line":3,"column":84},"end":{"line":3,"column":275}},"line":3},"1":{"name":"_templateObject","decl":{"start":{"line":3,"column":229},"end":{"line":3,"column":244}},"loc":{"start":{"line":3,"column":247},"end":{"line":3,"column":261}},"line":3},"2":{"name":"(anonymous_2)","decl":{"start":{"line":7,"column":0},"end":{"line":7,"column":1}},"loc":{"start":{"line":7,"column":13},"end":{"line":7,"column":58}},"line":7}},"branchMap":{},"s":{"0":1,"1":1,"2":1,"3":1,"4":1,"5":1,"6":1,"7":1,"8":0,"9":1,"10":1,"11":2,"12":1,"13":1},"f":{"0":1,"1":0,"2":2},"b":{},"_coverageSchema":"43e27e138ebf9cfc5966b082cf9a028302ed4184","hash":"feeeee70a42a9fa9eb60c72f189c26cbf355acd8"}
,"/mnt/d/projects/tests/GitHubSearch/src/components/common/ScreenContainer.js": {"path":"/mnt/d/projects/tests/GitHubSearch/src/components/common/ScreenContainer.js","statementMap":{"0":{"start":{"line":1,"column":42},"end":{"line":1,"column":97}},"1":{"start":{"line":1,"column":98},"end":{"line":1,"column":160}},"2":{"start":{"line":1,"column":160},"end":{"line":1,"column":185}},"3":{"start":{"line":1,"column":220},"end":{"line":1,"column":304}},"4":{"start":{"line":1,"column":324},"end":{"line":1,"column":347}},"5":{"start":{"line":2,"column":24},"end":{"line":2,"column":76}},"6":{"start":{"line":3,"column":13},"end":{"line":3,"column":56}},"7":{"start":{"line":3,"column":96},"end":{"line":3,"column":201}},"8":{"start":{"line":3,"column":202},"end":{"line":3,"column":262}},"9":{"start":{"line":3,"column":248},"end":{"line":3,"column":260}},"10":{"start":{"line":3,"column":262},"end":{"line":3,"column":274}},"11":{"start":{"line":5,"column":22},"end":{"line":7,"column":70}},"12":{"start":{"line":7,"column":14},"end":{"line":7,"column":68}},"13":{"start":{"line":11,"column":0},"end":{"line":11,"column":15}},"14":{"start":{"line":11,"column":16},"end":{"line":11,"column":43}}},"fnMap":{"0":{"name":"_templateObject","decl":{"start":{"line":3,"column":66},"end":{"line":3,"column":81}},"loc":{"start":{"line":3,"column":84},"end":{"line":3,"column":275}},"line":3},"1":{"name":"_templateObject","decl":{"start":{"line":3,"column":229},"end":{"line":3,"column":244}},"loc":{"start":{"line":3,"column":247},"end":{"line":3,"column":261}},"line":3},"2":{"name":"(anonymous_2)","decl":{"start":{"line":7,"column":0},"end":{"line":7,"column":1}},"loc":{"start":{"line":7,"column":13},"end":{"line":7,"column":69}},"line":7}},"branchMap":{"0":{"loc":{"start":{"line":7,"column":21},"end":{"line":7,"column":67}},"type":"cond-expr","locations":[{"start":{"line":7,"column":33},"end":{"line":7,"column":63}},{"start":{"line":7,"column":66},"end":{"line":7,"column":67}}],"line":7}},"s":{"0":1,"1":1,"2":1,"3":1,"4":1,"5":1,"6":1,"7":1,"8":1,"9":0,"10":1,"11":1,"12":2,"13":1,"14":1},"f":{"0":1,"1":0,"2":2},"b":{"0":[1,1]},"_coverageSchema":"43e27e138ebf9cfc5966b082cf9a028302ed4184","hash":"d5eb53af70ace583a20d1a958839cf166a29da55"}
,"/mnt/d/projects/tests/GitHubSearch/src/components/common/styles.js": {"path":"/mnt/d/projects/tests/GitHubSearch/src/components/common/styles.js","statementMap":{"0":{"start":{"line":1,"column":42},"end":{"line":1,"column":97}},"1":{"start":{"line":1,"column":98},"end":{"line":1,"column":160}},"2":{"start":{"line":1,"column":160},"end":{"line":1,"column":266}},"3":{"start":{"line":1,"column":301},"end":{"line":1,"column":385}},"4":{"start":{"line":1,"column":400},"end":{"line":1,"column":459}},"5":{"start":{"line":3,"column":13},"end":{"line":3,"column":56}},"6":{"start":{"line":3,"column":97},"end":{"line":3,"column":179}},"7":{"start":{"line":3,"column":180},"end":{"line":3,"column":242}},"8":{"start":{"line":3,"column":228},"end":{"line":3,"column":240}},"9":{"start":{"line":3,"column":242},"end":{"line":3,"column":254}},"10":{"start":{"line":3,"column":295},"end":{"line":3,"column":412}},"11":{"start":{"line":3,"column":413},"end":{"line":3,"column":475}},"12":{"start":{"line":3,"column":461},"end":{"line":3,"column":473}},"13":{"start":{"line":3,"column":475},"end":{"line":3,"column":487}},"14":{"start":{"line":3,"column":528},"end":{"line":3,"column":594}},"15":{"start":{"line":3,"column":595},"end":{"line":3,"column":657}},"16":{"start":{"line":3,"column":643},"end":{"line":3,"column":655}},"17":{"start":{"line":3,"column":657},"end":{"line":3,"column":669}},"18":{"start":{"line":3,"column":709},"end":{"line":3,"column":818}},"19":{"start":{"line":3,"column":819},"end":{"line":3,"column":879}},"20":{"start":{"line":3,"column":865},"end":{"line":3,"column":877}},"21":{"start":{"line":3,"column":879},"end":{"line":3,"column":891}},"22":{"start":{"line":5,"column":22},"end":{"line":8,"column":35}},"23":{"start":{"line":8,"column":36},"end":{"line":8,"column":78}},"24":{"start":{"line":11,"column":17},"end":{"line":11,"column":58}},"25":{"start":{"line":11,"column":59},"end":{"line":11,"column":91}},"26":{"start":{"line":15,"column":24},"end":{"line":15,"column":76}},"27":{"start":{"line":15,"column":77},"end":{"line":15,"column":123}},"28":{"start":{"line":22,"column":20},"end":{"line":22,"column":61}},"29":{"start":{"line":22,"column":62},"end":{"line":22,"column":100}}},"fnMap":{"0":{"name":"_templateObject4","decl":{"start":{"line":3,"column":66},"end":{"line":3,"column":82}},"loc":{"start":{"line":3,"column":85},"end":{"line":3,"column":255}},"line":3},"1":{"name":"_templateObject4","decl":{"start":{"line":3,"column":208},"end":{"line":3,"column":224}},"loc":{"start":{"line":3,"column":227},"end":{"line":3,"column":241}},"line":3},"2":{"name":"_templateObject3","decl":{"start":{"line":3,"column":264},"end":{"line":3,"column":280}},"loc":{"start":{"line":3,"column":283},"end":{"line":3,"column":488}},"line":3},"3":{"name":"_templateObject3","decl":{"start":{"line":3,"column":441},"end":{"line":3,"column":457}},"loc":{"start":{"line":3,"column":460},"end":{"line":3,"column":474}},"line":3},"4":{"name":"_templateObject2","decl":{"start":{"line":3,"column":497},"end":{"line":3,"column":513}},"loc":{"start":{"line":3,"column":516},"end":{"line":3,"column":670}},"line":3},"5":{"name":"_templateObject2","decl":{"start":{"line":3,"column":623},"end":{"line":3,"column":639}},"loc":{"start":{"line":3,"column":642},"end":{"line":3,"column":656}},"line":3},"6":{"name":"_templateObject","decl":{"start":{"line":3,"column":679},"end":{"line":3,"column":694}},"loc":{"start":{"line":3,"column":697},"end":{"line":3,"column":892}},"line":3},"7":{"name":"_templateObject","decl":{"start":{"line":3,"column":846},"end":{"line":3,"column":861}},"loc":{"start":{"line":3,"column":864},"end":{"line":3,"column":878}},"line":3}},"branchMap":{},"s":{"0":1,"1":1,"2":1,"3":1,"4":1,"5":1,"6":1,"7":1,"8":0,"9":1,"10":1,"11":1,"12":0,"13":1,"14":1,"15":1,"16":0,"17":1,"18":1,"19":1,"20":0,"21":1,"22":1,"23":1,"24":1,"25":1,"26":1,"27":1,"28":1,"29":1},"f":{"0":1,"1":0,"2":1,"3":0,"4":1,"5":0,"6":1,"7":0},"b":{},"_coverageSchema":"43e27e138ebf9cfc5966b082cf9a028302ed4184","hash":"0bff37eacfed4053b69f0407877eba1542a49c0a"}
,"/mnt/d/projects/tests/GitHubSearch/src/providers/auth.provider.js": {"path":"/mnt/d/projects/tests/GitHubSearch/src/providers/auth.provider.js","statementMap":{"0":{"start":{"line":1,"column":42},"end":{"line":1,"column":97}},"1":{"start":{"line":1,"column":98},"end":{"line":1,"column":160}},"2":{"start":{"line":1,"column":160},"end":{"line":1,"column":198}},"3":{"start":{"line":1,"column":198},"end":{"line":1,"column":230}},"4":{"start":{"line":1,"column":249},"end":{"line":1,"column":310}},"5":{"start":{"line":1,"column":326},"end":{"line":1,"column":355}},"6":{"start":{"line":2,"column":13},"end":{"line":2,"column":53}},"7":{"start":{"line":4,"column":15},"end":{"line":4,"column":47}},"8":{"start":{"line":4,"column":62},"end":{"line":11,"column":14}},"9":{"start":{"line":11,"column":26},"end":{"line":30,"column":11}},"10":{"start":{"line":30,"column":73},"end":{"line":30,"column":1034}},"11":{"start":{"line":30,"column":141},"end":{"line":30,"column":1005}},"12":{"start":{"line":30,"column":152},"end":{"line":30,"column":1004}},"13":{"start":{"line":30,"column":199},"end":{"line":30,"column":266}},"14":{"start":{"line":30,"column":266},"end":{"line":30,"column":284}},"15":{"start":{"line":30,"column":284},"end":{"line":30,"column":302}},"16":{"start":{"line":30,"column":302},"end":{"line":30,"column":365}},"17":{"start":{"line":30,"column":372},"end":{"line":30,"column":390}},"18":{"start":{"line":30,"column":390},"end":{"line":30,"column":441}},"19":{"start":{"line":30,"column":448},"end":{"line":30,"column":469}},"20":{"start":{"line":30,"column":469},"end":{"line":30,"column":486}},"21":{"start":{"line":30,"column":486},"end":{"line":30,"column":551}},"22":{"start":{"line":30,"column":525},"end":{"line":30,"column":544}},"23":{"start":{"line":30,"column":544},"end":{"line":30,"column":550}},"24":{"start":{"line":30,"column":551},"end":{"line":30,"column":582}},"25":{"start":{"line":30,"column":582},"end":{"line":30,"column":601}},"26":{"start":{"line":30,"column":601},"end":{"line":30,"column":670}},"27":{"start":{"line":30,"column":678},"end":{"line":30,"column":697}},"28":{"start":{"line":30,"column":697},"end":{"line":30,"column":703}},"29":{"start":{"line":30,"column":711},"end":{"line":30,"column":734}},"30":{"start":{"line":30,"column":742},"end":{"line":30,"column":761}},"31":{"start":{"line":30,"column":761},"end":{"line":30,"column":767}},"32":{"start":{"line":30,"column":775},"end":{"line":30,"column":794}},"33":{"start":{"line":30,"column":794},"end":{"line":30,"column":829}},"34":{"start":{"line":30,"column":829},"end":{"line":30,"column":854}},"35":{"start":{"line":30,"column":854},"end":{"line":30,"column":873}},"36":{"start":{"line":30,"column":873},"end":{"line":30,"column":961}},"37":{"start":{"line":30,"column":980},"end":{"line":30,"column":1003}},"38":{"start":{"line":30,"column":1099},"end":{"line":48,"column":92}},"39":{"start":{"line":30,"column":1165},"end":{"line":48,"column":62}},"40":{"start":{"line":30,"column":1176},"end":{"line":48,"column":61}},"41":{"start":{"line":31,"column":10},"end":{"line":31,"column":24}},"42":{"start":{"line":32,"column":10},"end":{"line":33,"column":83}},"43":{"start":{"line":33,"column":83},"end":{"line":33,"column":102}},"44":{"start":{"line":33,"column":102},"end":{"line":33,"column":121}},"45":{"start":{"line":37,"column":10},"end":{"line":37,"column":69}},"46":{"start":{"line":37,"column":76},"end":{"line":37,"column":99}},"47":{"start":{"line":37,"column":99},"end":{"line":37,"column":117}},"48":{"start":{"line":37,"column":117},"end":{"line":39,"column":44}},"49":{"start":{"line":39,"column":17},"end":{"line":39,"column":37}},"50":{"start":{"line":39,"column":37},"end":{"line":39,"column":43}},"51":{"start":{"line":39,"column":44},"end":{"line":39,"column":64}},"52":{"start":{"line":40,"column":10},"end":{"line":40,"column":69}},"53":{"start":{"line":40,"column":77},"end":{"line":41,"column":16}},"54":{"start":{"line":41,"column":24},"end":{"line":43,"column":28}},"55":{"start":{"line":43,"column":36},"end":{"line":43,"column":56}},"56":{"start":{"line":43,"column":56},"end":{"line":43,"column":62}},"57":{"start":{"line":43,"column":70},"end":{"line":43,"column":90}},"58":{"start":{"line":43,"column":90},"end":{"line":43,"column":127}},"59":{"start":{"line":43,"column":127},"end":{"line":43,"column":147}},"60":{"start":{"line":46,"column":10},"end":{"line":46,"column":100}},"61":{"start":{"line":46,"column":108},"end":{"line":48,"column":17}},"62":{"start":{"line":48,"column":36},"end":{"line":48,"column":60}}},"fnMap":{"0":{"name":"fetchUsername","decl":{"start":{"line":30,"column":21},"end":{"line":30,"column":34}},"loc":{"start":{"line":30,"column":42},"end":{"line":30,"column":1035}},"line":30},"1":{"name":"fetchUsername$","decl":{"start":{"line":30,"column":115},"end":{"line":30,"column":129}},"loc":{"start":{"line":30,"column":140},"end":{"line":30,"column":1006}},"line":30},"2":{"name":"fetchLogin","decl":{"start":{"line":30,"column":1045},"end":{"line":30,"column":1055}},"loc":{"start":{"line":30,"column":1069},"end":{"line":48,"column":93}},"line":30},"3":{"name":"fetchLogin$","decl":{"start":{"line":30,"column":1141},"end":{"line":30,"column":1152}},"loc":{"start":{"line":30,"column":1164},"end":{"line":48,"column":63}},"line":30}},"branchMap":{"0":{"loc":{"start":{"line":30,"column":152},"end":{"line":30,"column":1004}},"type":"switch","locations":[{"start":{"line":30,"column":192},"end":{"line":30,"column":365}},{"start":{"line":30,"column":365},"end":{"line":30,"column":441}},{"start":{"line":30,"column":441},"end":{"line":30,"column":670}},{"start":{"line":30,"column":670},"end":{"line":30,"column":703}},{"start":{"line":30,"column":703},"end":{"line":30,"column":734}},{"start":{"line":30,"column":734},"end":{"line":30,"column":767}},{"start":{"line":30,"column":767},"end":{"line":30,"column":961}},{"start":{"line":30,"column":961},"end":{"line":30,"column":969}},{"start":{"line":30,"column":969},"end":{"line":30,"column":1003}}],"line":30},"1":{"loc":{"start":{"line":30,"column":486},"end":{"line":30,"column":551}},"type":"if","locations":[{"start":{"line":30,"column":486},"end":{"line":30,"column":551}},{"start":{"line":30,"column":486},"end":{"line":30,"column":551}}],"line":30},"2":{"loc":{"start":{"line":30,"column":492},"end":{"line":30,"column":521}},"type":"binary-expr","locations":[{"start":{"line":30,"column":492},"end":{"line":30,"column":496}},{"start":{"line":30,"column":500},"end":{"line":30,"column":521}}],"line":30},"3":{"loc":{"start":{"line":30,"column":924},"end":{"line":30,"column":958}},"type":"binary-expr","locations":[{"start":{"line":30,"column":924},"end":{"line":30,"column":943}},{"start":{"line":30,"column":947},"end":{"line":30,"column":958}}],"line":30},"4":{"loc":{"start":{"line":30,"column":1176},"end":{"line":48,"column":61}},"type":"switch","locations":[{"start":{"line":30,"column":1218},"end":{"line":37,"column":69}},{"start":{"line":37,"column":69},"end":{"line":40,"column":69}},{"start":{"line":40,"column":69},"end":{"line":41,"column":16}},{"start":{"line":41,"column":16},"end":{"line":43,"column":28}},{"start":{"line":43,"column":28},"end":{"line":43,"column":62}},{"start":{"line":43,"column":62},"end":{"line":46,"column":100}},{"start":{"line":46,"column":100},"end":{"line":48,"column":17}},{"start":{"line":48,"column":17},"end":{"line":48,"column":25}},{"start":{"line":48,"column":25},"end":{"line":48,"column":60}}],"line":30},"5":{"loc":{"start":{"line":37,"column":117},"end":{"line":39,"column":44}},"type":"if","locations":[{"start":{"line":37,"column":117},"end":{"line":39,"column":44}},{"start":{"line":37,"column":117},"end":{"line":39,"column":44}}],"line":37},"6":{"loc":{"start":{"line":46,"column":61},"end":{"line":46,"column":97}},"type":"binary-expr","locations":[{"start":{"line":46,"column":61},"end":{"line":46,"column":81}},{"start":{"line":46,"column":85},"end":{"line":46,"column":97}}],"line":46}},"s":{"0":1,"1":1,"2":1,"3":1,"4":1,"5":1,"6":1,"7":1,"8":1,"9":1,"10":2,"11":9,"12":12,"13":2,"14":2,"15":2,"16":2,"17":2,"18":2,"19":2,"20":2,"21":2,"22":1,"23":1,"24":1,"25":1,"26":1,"27":1,"28":1,"29":1,"30":1,"31":1,"32":1,"33":1,"34":1,"35":1,"36":1,"37":2,"38":2,"39":9,"40":10,"41":2,"42":2,"43":2,"44":2,"45":2,"46":2,"47":2,"48":2,"49":1,"50":1,"51":1,"52":1,"53":1,"54":1,"55":0,"56":0,"57":1,"58":1,"59":1,"60":1,"61":1,"62":2},"f":{"0":2,"1":9,"2":2,"3":9},"b":{"0":[2,2,2,1,1,1,1,2,2],"1":[1,1],"2":[2,1],"3":[1,1],"4":[2,2,1,1,0,1,1,0,2],"5":[1,1],"6":[1,1]},"_coverageSchema":"43e27e138ebf9cfc5966b082cf9a028302ed4184","hash":"c3a1faa079681e79ad2c5a3874361b502fed9c13"}
,"/mnt/d/projects/tests/GitHubSearch/src/providers/repository.provider.js": {"path":"/mnt/d/projects/tests/GitHubSearch/src/providers/repository.provider.js","statementMap":{"0":{"start":{"line":1,"column":43},"end":{"line":1,"column":99}},"1":{"start":{"line":1,"column":129},"end":{"line":1,"column":184}},"2":{"start":{"line":1,"column":185},"end":{"line":1,"column":247}},"3":{"start":{"line":1,"column":247},"end":{"line":1,"column":293}},"4":{"start":{"line":1,"column":293},"end":{"line":1,"column":329}},"5":{"start":{"line":1,"column":348},"end":{"line":1,"column":409}},"6":{"start":{"line":1,"column":425},"end":{"line":1,"column":454}},"7":{"start":{"line":2,"column":13},"end":{"line":2,"column":53}},"8":{"start":{"line":4,"column":20},"end":{"line":4,"column":79}},"9":{"start":{"line":5,"column":24},"end":{"line":5,"column":87}},"10":{"start":{"line":5,"column":102},"end":{"line":7,"column":18}},"11":{"start":{"line":7,"column":30},"end":{"line":24,"column":13}},"12":{"start":{"line":24,"column":64},"end":{"line":24,"column":918}},"13":{"start":{"line":24,"column":136},"end":{"line":24,"column":889}},"14":{"start":{"line":24,"column":147},"end":{"line":24,"column":888}},"15":{"start":{"line":24,"column":194},"end":{"line":24,"column":214}},"16":{"start":{"line":24,"column":214},"end":{"line":24,"column":232}},"17":{"start":{"line":24,"column":232},"end":{"line":24,"column":250}},"18":{"start":{"line":24,"column":250},"end":{"line":24,"column":310}},"19":{"start":{"line":24,"column":317},"end":{"line":24,"column":335}},"20":{"start":{"line":24,"column":335},"end":{"line":24,"column":386}},"21":{"start":{"line":24,"column":393},"end":{"line":24,"column":414}},"22":{"start":{"line":24,"column":414},"end":{"line":24,"column":431}},"23":{"start":{"line":24,"column":431},"end":{"line":24,"column":490}},"24":{"start":{"line":24,"column":464},"end":{"line":24,"column":483}},"25":{"start":{"line":24,"column":483},"end":{"line":24,"column":489}},"26":{"start":{"line":24,"column":490},"end":{"line":24,"column":509}},"27":{"start":{"line":24,"column":509},"end":{"line":24,"column":571}},"28":{"start":{"line":24,"column":579},"end":{"line":24,"column":598}},"29":{"start":{"line":24,"column":598},"end":{"line":24,"column":604}},"30":{"start":{"line":24,"column":612},"end":{"line":24,"column":640}},"31":{"start":{"line":24,"column":648},"end":{"line":24,"column":667}},"32":{"start":{"line":24,"column":667},"end":{"line":24,"column":673}},"33":{"start":{"line":24,"column":681},"end":{"line":24,"column":700}},"34":{"start":{"line":24,"column":700},"end":{"line":24,"column":735}},"35":{"start":{"line":24,"column":735},"end":{"line":24,"column":754}},"36":{"start":{"line":24,"column":754},"end":{"line":24,"column":845}},"37":{"start":{"line":24,"column":864},"end":{"line":24,"column":887}},"38":{"start":{"line":24,"column":967},"end":{"line":36,"column":174}},"39":{"start":{"line":24,"column":1035},"end":{"line":36,"column":144}},"40":{"start":{"line":24,"column":1046},"end":{"line":36,"column":143}},"41":{"start":{"line":25,"column":10},"end":{"line":25,"column":51}},"42":{"start":{"line":25,"column":51},"end":{"line":25,"column":70}},"43":{"start":{"line":25,"column":70},"end":{"line":25,"column":89}},"44":{"start":{"line":28,"column":10},"end":{"line":28,"column":61}},"45":{"start":{"line":28,"column":68},"end":{"line":28,"column":91}},"46":{"start":{"line":28,"column":91},"end":{"line":28,"column":109}},"47":{"start":{"line":28,"column":109},"end":{"line":30,"column":64}},"48":{"start":{"line":30,"column":37},"end":{"line":30,"column":57}},"49":{"start":{"line":30,"column":57},"end":{"line":30,"column":63}},"50":{"start":{"line":30,"column":64},"end":{"line":30,"column":83}},"51":{"start":{"line":31,"column":10},"end":{"line":31,"column":68}},"52":{"start":{"line":31,"column":75},"end":{"line":31,"column":95}},"53":{"start":{"line":31,"column":95},"end":{"line":31,"column":101}},"54":{"start":{"line":31,"column":109},"end":{"line":33,"column":31}},"55":{"start":{"line":33,"column":39},"end":{"line":33,"column":59}},"56":{"start":{"line":33,"column":59},"end":{"line":33,"column":65}},"57":{"start":{"line":33,"column":73},"end":{"line":33,"column":93}},"58":{"start":{"line":33,"column":93},"end":{"line":33,"column":130}},"59":{"start":{"line":33,"column":130},"end":{"line":33,"column":150}},"60":{"start":{"line":36,"column":10},"end":{"line":36,"column":99}},"61":{"start":{"line":36,"column":118},"end":{"line":36,"column":142}}},"fnMap":{"0":{"name":"fetchRepositories","decl":{"start":{"line":24,"column":23},"end":{"line":24,"column":40}},"loc":{"start":{"line":24,"column":43},"end":{"line":24,"column":919}},"line":24},"1":{"name":"fetchRepositories$","decl":{"start":{"line":24,"column":106},"end":{"line":24,"column":124}},"loc":{"start":{"line":24,"column":135},"end":{"line":24,"column":890}},"line":24},"2":{"name":"fetchCommits","decl":{"start":{"line":24,"column":928},"end":{"line":24,"column":940}},"loc":{"start":{"line":24,"column":945},"end":{"line":36,"column":175}},"line":24},"3":{"name":"fetchCommits$","decl":{"start":{"line":24,"column":1009},"end":{"line":24,"column":1022}},"loc":{"start":{"line":24,"column":1034},"end":{"line":36,"column":145}},"line":24}},"branchMap":{"0":{"loc":{"start":{"line":24,"column":147},"end":{"line":24,"column":888}},"type":"switch","locations":[{"start":{"line":24,"column":187},"end":{"line":24,"column":310}},{"start":{"line":24,"column":310},"end":{"line":24,"column":386}},{"start":{"line":24,"column":386},"end":{"line":24,"column":571}},{"start":{"line":24,"column":571},"end":{"line":24,"column":604}},{"start":{"line":24,"column":604},"end":{"line":24,"column":640}},{"start":{"line":24,"column":640},"end":{"line":24,"column":673}},{"start":{"line":24,"column":673},"end":{"line":24,"column":845}},{"start":{"line":24,"column":845},"end":{"line":24,"column":853}},{"start":{"line":24,"column":853},"end":{"line":24,"column":887}}],"line":24},"1":{"loc":{"start":{"line":24,"column":431},"end":{"line":24,"column":490}},"type":"if","locations":[{"start":{"line":24,"column":431},"end":{"line":24,"column":490}},{"start":{"line":24,"column":431},"end":{"line":24,"column":490}}],"line":24},"2":{"loc":{"start":{"line":24,"column":437},"end":{"line":24,"column":460}},"type":"binary-expr","locations":[{"start":{"line":24,"column":437},"end":{"line":24,"column":441}},{"start":{"line":24,"column":445},"end":{"line":24,"column":460}}],"line":24},"3":{"loc":{"start":{"line":24,"column":808},"end":{"line":24,"column":842}},"type":"binary-expr","locations":[{"start":{"line":24,"column":808},"end":{"line":24,"column":827}},{"start":{"line":24,"column":831},"end":{"line":24,"column":842}}],"line":24},"4":{"loc":{"start":{"line":24,"column":1046},"end":{"line":36,"column":143}},"type":"switch","locations":[{"start":{"line":24,"column":1088},"end":{"line":28,"column":61}},{"start":{"line":28,"column":61},"end":{"line":31,"column":68}},{"start":{"line":31,"column":68},"end":{"line":31,"column":101}},{"start":{"line":31,"column":101},"end":{"line":33,"column":31}},{"start":{"line":33,"column":31},"end":{"line":33,"column":65}},{"start":{"line":33,"column":65},"end":{"line":36,"column":99}},{"start":{"line":36,"column":99},"end":{"line":36,"column":107}},{"start":{"line":36,"column":107},"end":{"line":36,"column":142}}],"line":24},"5":{"loc":{"start":{"line":28,"column":109},"end":{"line":30,"column":64}},"type":"if","locations":[{"start":{"line":28,"column":109},"end":{"line":30,"column":64}},{"start":{"line":28,"column":109},"end":{"line":30,"column":64}}],"line":28},"6":{"loc":{"start":{"line":30,"column":10},"end":{"line":30,"column":33}},"type":"binary-expr","locations":[{"start":{"line":30,"column":10},"end":{"line":30,"column":14}},{"start":{"line":30,"column":18},"end":{"line":30,"column":33}}],"line":30},"7":{"loc":{"start":{"line":36,"column":60},"end":{"line":36,"column":96}},"type":"binary-expr","locations":[{"start":{"line":36,"column":60},"end":{"line":36,"column":80}},{"start":{"line":36,"column":84},"end":{"line":36,"column":96}}],"line":36}},"s":{"0":2,"1":2,"2":2,"3":2,"4":2,"5":2,"6":2,"7":2,"8":2,"9":2,"10":2,"11":2,"12":2,"13":9,"14":12,"15":2,"16":2,"17":2,"18":2,"19":2,"20":2,"21":2,"22":2,"23":2,"24":1,"25":1,"26":1,"27":1,"28":1,"29":1,"30":1,"31":1,"32":1,"33":1,"34":1,"35":1,"36":1,"37":2,"38":2,"39":7,"40":10,"41":2,"42":2,"43":2,"44":2,"45":2,"46":2,"47":2,"48":1,"49":1,"50":1,"51":1,"52":1,"53":1,"54":1,"55":1,"56":1,"57":1,"58":1,"59":1,"60":1,"61":2},"f":{"0":2,"1":9,"2":2,"3":7},"b":{"0":[2,2,2,1,1,1,1,2,2],"1":[1,1],"2":[2,1],"3":[1,1],"4":[2,2,1,1,1,1,2,2],"5":[1,1],"6":[2,1],"7":[1,1]},"_coverageSchema":"43e27e138ebf9cfc5966b082cf9a028302ed4184","hash":"76ecde811d2444a9e1e5030f6a1adbd10e52b216"}
,"/mnt/d/projects/tests/GitHubSearch/src/store/auth/actionTypes.js": {"path":"/mnt/d/projects/tests/GitHubSearch/src/store/auth/actionTypes.js","statementMap":{"0":{"start":{"line":1,"column":13},"end":{"line":1,"column":75}},"1":{"start":{"line":1,"column":75},"end":{"line":1,"column":239}},"2":{"start":{"line":1,"column":261},"end":{"line":1,"column":283}},"3":{"start":{"line":1,"column":284},"end":{"line":1,"column":326}},"4":{"start":{"line":2,"column":20},"end":{"line":2,"column":40}},"5":{"start":{"line":2,"column":41},"end":{"line":2,"column":79}},"6":{"start":{"line":3,"column":19},"end":{"line":3,"column":38}},"7":{"start":{"line":3,"column":39},"end":{"line":3,"column":75}},"8":{"start":{"line":4,"column":16},"end":{"line":4,"column":32}},"9":{"start":{"line":4,"column":33},"end":{"line":4,"column":63}},"10":{"start":{"line":5,"column":29},"end":{"line":5,"column":58}},"11":{"start":{"line":5,"column":59},"end":{"line":5,"column":115}},"12":{"start":{"line":6,"column":27},"end":{"line":6,"column":54}},"13":{"start":{"line":6,"column":55},"end":{"line":6,"column":107}}},"fnMap":{},"branchMap":{},"s":{"0":2,"1":2,"2":2,"3":2,"4":2,"5":2,"6":2,"7":2,"8":2,"9":2,"10":2,"11":2,"12":2,"13":2},"f":{},"b":{},"_coverageSchema":"43e27e138ebf9cfc5966b082cf9a028302ed4184","hash":"93320b541cc0795ff6eb41b912d37dfa5b78cd30"}
,"/mnt/d/projects/tests/GitHubSearch/src/store/auth/actions.js": {"path":"/mnt/d/projects/tests/GitHubSearch/src/store/auth/actions.js","statementMap":{"0":{"start":{"line":1,"column":43},"end":{"line":1,"column":99}},"1":{"start":{"line":1,"column":100},"end":{"line":1,"column":162}},"2":{"start":{"line":1,"column":162},"end":{"line":1,"column":318}},"3":{"start":{"line":1,"column":330},"end":{"line":1,"column":379}},"4":{"start":{"line":3,"column":21},"end":{"line":5,"column":32}},"5":{"start":{"line":3,"column":59},"end":{"line":5,"column":31}},"6":{"start":{"line":5,"column":33},"end":{"line":5,"column":73}},"7":{"start":{"line":8,"column":19},"end":{"line":10,"column":18}},"8":{"start":{"line":8,"column":48},"end":{"line":10,"column":17}},"9":{"start":{"line":10,"column":19},"end":{"line":10,"column":55}},"10":{"start":{"line":13,"column":18},"end":{"line":15,"column":20}},"11":{"start":{"line":13,"column":47},"end":{"line":15,"column":19}},"12":{"start":{"line":15,"column":21},"end":{"line":15,"column":55}},"13":{"start":{"line":18,"column":27},"end":{"line":19,"column":42}},"14":{"start":{"line":18,"column":60},"end":{"line":19,"column":41}},"15":{"start":{"line":19,"column":43},"end":{"line":19,"column":95}},"16":{"start":{"line":22,"column":25},"end":{"line":24,"column":26}},"17":{"start":{"line":22,"column":64},"end":{"line":24,"column":25}},"18":{"start":{"line":24,"column":27},"end":{"line":24,"column":75}},"19":{"start":{"line":27,"column":15},"end":{"line":29,"column":20}},"20":{"start":{"line":27,"column":41},"end":{"line":29,"column":19}},"21":{"start":{"line":29,"column":21},"end":{"line":29,"column":49}}},"fnMap":{"0":{"name":"loginRequested","decl":{"start":{"line":3,"column":30},"end":{"line":3,"column":44}},"loc":{"start":{"line":3,"column":58},"end":{"line":5,"column":32}},"line":3},"1":{"name":"loginSucceed","decl":{"start":{"line":8,"column":28},"end":{"line":8,"column":40}},"loc":{"start":{"line":8,"column":47},"end":{"line":10,"column":18}},"line":8},"2":{"name":"loginFailed","decl":{"start":{"line":13,"column":27},"end":{"line":13,"column":38}},"loc":{"start":{"line":13,"column":46},"end":{"line":15,"column":20}},"line":13},"3":{"name":"searchLoginRequested","decl":{"start":{"line":18,"column":36},"end":{"line":18,"column":56}},"loc":{"start":{"line":18,"column":59},"end":{"line":19,"column":42}},"line":18},"4":{"name":"searchLoginSucceed","decl":{"start":{"line":22,"column":34},"end":{"line":22,"column":52}},"loc":{"start":{"line":22,"column":63},"end":{"line":24,"column":26}},"line":22},"5":{"name":"setEmail","decl":{"start":{"line":27,"column":24},"end":{"line":27,"column":32}},"loc":{"start":{"line":27,"column":40},"end":{"line":29,"column":20}},"line":27}},"branchMap":{},"s":{"0":2,"1":2,"2":2,"3":2,"4":2,"5":2,"6":2,"7":2,"8":4,"9":2,"10":2,"11":4,"12":2,"13":2,"14":4,"15":2,"16":2,"17":2,"18":2,"19":2,"20":2,"21":2},"f":{"0":2,"1":4,"2":4,"3":4,"4":2,"5":2},"b":{},"_coverageSchema":"43e27e138ebf9cfc5966b082cf9a028302ed4184","hash":"df613714a28057363e1d1a168469e0188a68793b"}
,"/mnt/d/projects/tests/GitHubSearch/src/store/auth/sagas.js": {"path":"/mnt/d/projects/tests/GitHubSearch/src/store/auth/sagas.js","statementMap":{"0":{"start":{"line":1,"column":43},"end":{"line":1,"column":99}},"1":{"start":{"line":1,"column":129},"end":{"line":1,"column":184}},"2":{"start":{"line":1,"column":185},"end":{"line":1,"column":247}},"3":{"start":{"line":1,"column":247},"end":{"line":1,"column":270}},"4":{"start":{"line":1,"column":289},"end":{"line":1,"column":350}},"5":{"start":{"line":1,"column":366},"end":{"line":1,"column":395}},"6":{"start":{"line":2,"column":13},"end":{"line":2,"column":53}},"7":{"start":{"line":4,"column":12},"end":{"line":4,"column":61}},"8":{"start":{"line":5,"column":12},"end":{"line":5,"column":52}},"9":{"start":{"line":5,"column":67},"end":{"line":7,"column":10}},"10":{"start":{"line":7,"column":22},"end":{"line":17,"column":15}},"11":{"start":{"line":17,"column":27},"end":{"line":24,"column":11}},"12":{"start":{"line":24,"column":23},"end":{"line":28,"column":11}},"13":{"start":{"line":28,"column":23},"end":{"line":32,"column":5}},"14":{"start":{"line":32,"column":57},"end":{"line":32,"column":480}},"15":{"start":{"line":32,"column":121},"end":{"line":32,"column":468}},"16":{"start":{"line":32,"column":132},"end":{"line":32,"column":467}},"17":{"start":{"line":32,"column":179},"end":{"line":32,"column":210}},"18":{"start":{"line":32,"column":210},"end":{"line":32,"column":228}},"19":{"start":{"line":32,"column":228},"end":{"line":32,"column":285}},"20":{"start":{"line":32,"column":292},"end":{"line":32,"column":316}},"21":{"start":{"line":32,"column":316},"end":{"line":32,"column":425}},"22":{"start":{"line":32,"column":330},"end":{"line":32,"column":424}},"23":{"start":{"line":32,"column":443},"end":{"line":32,"column":466}},"24":{"start":{"line":32,"column":523},"end":{"line":32,"column":842}},"25":{"start":{"line":32,"column":593},"end":{"line":32,"column":829}},"26":{"start":{"line":32,"column":604},"end":{"line":32,"column":828}},"27":{"start":{"line":32,"column":653},"end":{"line":32,"column":673}},"28":{"start":{"line":32,"column":673},"end":{"line":32,"column":712}},"29":{"start":{"line":32,"column":686},"end":{"line":32,"column":705}},"30":{"start":{"line":32,"column":705},"end":{"line":32,"column":711}},"31":{"start":{"line":32,"column":712},"end":{"line":32,"column":731}},"32":{"start":{"line":32,"column":731},"end":{"line":32,"column":785}},"33":{"start":{"line":32,"column":803},"end":{"line":32,"column":827}},"34":{"start":{"line":32,"column":866},"end":{"line":32,"column":1133}},"35":{"start":{"line":32,"column":932},"end":{"line":32,"column":1120}},"36":{"start":{"line":32,"column":943},"end":{"line":32,"column":1119}},"37":{"start":{"line":32,"column":992},"end":{"line":32,"column":1011}},"38":{"start":{"line":32,"column":1011},"end":{"line":32,"column":1076}},"39":{"start":{"line":32,"column":1094},"end":{"line":32,"column":1118}},"40":{"start":{"line":32,"column":1157},"end":{"line":32,"column":1423}},"41":{"start":{"line":32,"column":1223},"end":{"line":32,"column":1410}},"42":{"start":{"line":32,"column":1234},"end":{"line":32,"column":1409}},"43":{"start":{"line":32,"column":1283},"end":{"line":32,"column":1302}},"44":{"start":{"line":32,"column":1302},"end":{"line":32,"column":1366}},"45":{"start":{"line":32,"column":1384},"end":{"line":32,"column":1408}},"46":{"start":{"line":32,"column":1441},"end":{"line":33,"column":122}},"47":{"start":{"line":32,"column":1501},"end":{"line":33,"column":109}},"48":{"start":{"line":32,"column":1512},"end":{"line":33,"column":108}},"49":{"start":{"line":32,"column":1561},"end":{"line":32,"column":1580}},"50":{"start":{"line":33,"column":10},"end":{"line":33,"column":65}},"51":{"start":{"line":33,"column":83},"end":{"line":33,"column":107}}},"fnMap":{"0":{"name":"loginUser","decl":{"start":{"line":32,"column":15},"end":{"line":32,"column":24}},"loc":{"start":{"line":32,"column":31},"end":{"line":32,"column":481}},"line":32},"1":{"name":"loginUser$","decl":{"start":{"line":32,"column":99},"end":{"line":32,"column":109}},"loc":{"start":{"line":32,"column":120},"end":{"line":32,"column":469}},"line":32},"2":{"name":"searchUsername","decl":{"start":{"line":32,"column":490},"end":{"line":32,"column":504}},"loc":{"start":{"line":32,"column":512},"end":{"line":32,"column":843}},"line":32},"3":{"name":"searchUsername$","decl":{"start":{"line":32,"column":565},"end":{"line":32,"column":580}},"loc":{"start":{"line":32,"column":592},"end":{"line":32,"column":830}},"line":32},"4":{"name":"watchLogin","decl":{"start":{"line":32,"column":852},"end":{"line":32,"column":862}},"loc":{"start":{"line":32,"column":865},"end":{"line":32,"column":1134}},"line":32},"5":{"name":"watchLogin$","decl":{"start":{"line":32,"column":908},"end":{"line":32,"column":919}},"loc":{"start":{"line":32,"column":931},"end":{"line":32,"column":1121}},"line":32},"6":{"name":"watchEmail","decl":{"start":{"line":32,"column":1143},"end":{"line":32,"column":1153}},"loc":{"start":{"line":32,"column":1156},"end":{"line":32,"column":1424}},"line":32},"7":{"name":"watchEmail$","decl":{"start":{"line":32,"column":1199},"end":{"line":32,"column":1210}},"loc":{"start":{"line":32,"column":1222},"end":{"line":32,"column":1411}},"line":32},"8":{"name":"root","decl":{"start":{"line":32,"column":1433},"end":{"line":32,"column":1437}},"loc":{"start":{"line":32,"column":1440},"end":{"line":33,"column":123}},"line":32},"9":{"name":"root$","decl":{"start":{"line":32,"column":1483},"end":{"line":32,"column":1488}},"loc":{"start":{"line":32,"column":1500},"end":{"line":33,"column":110}},"line":32}},"branchMap":{"0":{"loc":{"start":{"line":32,"column":132},"end":{"line":32,"column":467}},"type":"switch","locations":[{"start":{"line":32,"column":172},"end":{"line":32,"column":285}},{"start":{"line":32,"column":285},"end":{"line":32,"column":425}},{"start":{"line":32,"column":425},"end":{"line":32,"column":432}},{"start":{"line":32,"column":432},"end":{"line":32,"column":466}}],"line":32},"1":{"loc":{"start":{"line":32,"column":316},"end":{"line":32,"column":425}},"type":"if","locations":[{"start":{"line":32,"column":316},"end":{"line":32,"column":425}},{"start":{"line":32,"column":316},"end":{"line":32,"column":425}}],"line":32},"2":{"loc":{"start":{"line":32,"column":604},"end":{"line":32,"column":828}},"type":"switch","locations":[{"start":{"line":32,"column":646},"end":{"line":32,"column":785}},{"start":{"line":32,"column":785},"end":{"line":32,"column":792}},{"start":{"line":32,"column":792},"end":{"line":32,"column":827}}],"line":32},"3":{"loc":{"start":{"line":32,"column":673},"end":{"line":32,"column":712}},"type":"if","locations":[{"start":{"line":32,"column":673},"end":{"line":32,"column":712}},{"start":{"line":32,"column":673},"end":{"line":32,"column":712}}],"line":32},"4":{"loc":{"start":{"line":32,"column":943},"end":{"line":32,"column":1119}},"type":"switch","locations":[{"start":{"line":32,"column":985},"end":{"line":32,"column":1076}},{"start":{"line":32,"column":1076},"end":{"line":32,"column":1083}},{"start":{"line":32,"column":1083},"end":{"line":32,"column":1118}}],"line":32},"5":{"loc":{"start":{"line":32,"column":1234},"end":{"line":32,"column":1409}},"type":"switch","locations":[{"start":{"line":32,"column":1276},"end":{"line":32,"column":1366}},{"start":{"line":32,"column":1366},"end":{"line":32,"column":1373}},{"start":{"line":32,"column":1373},"end":{"line":32,"column":1408}}],"line":32},"6":{"loc":{"start":{"line":32,"column":1512},"end":{"line":33,"column":108}},"type":"switch","locations":[{"start":{"line":32,"column":1554},"end":{"line":33,"column":65}},{"start":{"line":33,"column":65},"end":{"line":33,"column":72}},{"start":{"line":33,"column":72},"end":{"line":33,"column":107}}],"line":32}},"s":{"0":1,"1":1,"2":1,"3":1,"4":1,"5":1,"6":1,"7":1,"8":1,"9":1,"10":1,"11":1,"12":1,"13":1,"14":2,"15":4,"16":4,"17":2,"18":2,"19":2,"20":2,"21":2,"22":1,"23":2,"24":2,"25":4,"26":4,"27":2,"28":2,"29":0,"30":0,"31":2,"32":2,"33":2,"34":4,"35":8,"36":8,"37":4,"38":4,"39":4,"40":4,"41":8,"42":8,"43":4,"44":4,"45":4,"46":4,"47":8,"48":8,"49":4,"50":4,"51":4},"f":{"0":2,"1":4,"2":2,"3":4,"4":4,"5":8,"6":4,"7":8,"8":4,"9":8},"b":{"0":[2,2,2,2],"1":[1,1],"2":[2,2,2],"3":[0,2],"4":[4,4,4],"5":[4,4,4],"6":[4,0,4]},"_coverageSchema":"43e27e138ebf9cfc5966b082cf9a028302ed4184","hash":"5feb2fc11795ffe441374df7a36c3163d9e5cdaf"}
,"/mnt/d/projects/tests/GitHubSearch/src/store/commit/actionTypes.js": {"path":"/mnt/d/projects/tests/GitHubSearch/src/store/commit/actionTypes.js","statementMap":{"0":{"start":{"line":1,"column":13},"end":{"line":1,"column":75}},"1":{"start":{"line":1,"column":75},"end":{"line":1,"column":152}},"2":{"start":{"line":1,"column":173},"end":{"line":1,"column":196}},"3":{"start":{"line":1,"column":197},"end":{"line":1,"column":237}},"4":{"start":{"line":2,"column":19},"end":{"line":2,"column":40}},"5":{"start":{"line":2,"column":41},"end":{"line":2,"column":77}},"6":{"start":{"line":3,"column":18},"end":{"line":3,"column":38}},"7":{"start":{"line":3,"column":39},"end":{"line":3,"column":73}}},"fnMap":{},"branchMap":{},"s":{"0":2,"1":2,"2":2,"3":2,"4":2,"5":2,"6":2,"7":2},"f":{},"b":{},"_coverageSchema":"43e27e138ebf9cfc5966b082cf9a028302ed4184","hash":"631089d90713ca291c0f6d51926e5ba8ba0aef95"}
,"/mnt/d/projects/tests/GitHubSearch/src/store/commit/actions.js": {"path":"/mnt/d/projects/tests/GitHubSearch/src/store/commit/actions.js","statementMap":{"0":{"start":{"line":1,"column":43},"end":{"line":1,"column":99}},"1":{"start":{"line":1,"column":100},"end":{"line":1,"column":162}},"2":{"start":{"line":1,"column":162},"end":{"line":1,"column":236}},"3":{"start":{"line":1,"column":248},"end":{"line":1,"column":297}},"4":{"start":{"line":3,"column":20},"end":{"line":5,"column":14}},"5":{"start":{"line":3,"column":48},"end":{"line":5,"column":13}},"6":{"start":{"line":5,"column":15},"end":{"line":5,"column":53}},"7":{"start":{"line":8,"column":18},"end":{"line":10,"column":18}},"8":{"start":{"line":8,"column":46},"end":{"line":10,"column":17}},"9":{"start":{"line":10,"column":19},"end":{"line":10,"column":53}},"10":{"start":{"line":13,"column":17},"end":{"line":15,"column":20}},"11":{"start":{"line":13,"column":45},"end":{"line":15,"column":19}},"12":{"start":{"line":15,"column":21},"end":{"line":15,"column":53}}},"fnMap":{"0":{"name":"listRequested","decl":{"start":{"line":3,"column":29},"end":{"line":3,"column":42}},"loc":{"start":{"line":3,"column":47},"end":{"line":5,"column":14}},"line":3},"1":{"name":"listFetched","decl":{"start":{"line":8,"column":27},"end":{"line":8,"column":38}},"loc":{"start":{"line":8,"column":45},"end":{"line":10,"column":18}},"line":8},"2":{"name":"listFailed","decl":{"start":{"line":13,"column":26},"end":{"line":13,"column":36}},"loc":{"start":{"line":13,"column":44},"end":{"line":15,"column":20}},"line":13}},"branchMap":{},"s":{"0":2,"1":2,"2":2,"3":2,"4":2,"5":2,"6":2,"7":2,"8":2,"9":2,"10":2,"11":2,"12":2},"f":{"0":2,"1":2,"2":2},"b":{},"_coverageSchema":"43e27e138ebf9cfc5966b082cf9a028302ed4184","hash":"b096f211488aa7e43808c673c2b46c819c7a5972"}
,"/mnt/d/projects/tests/GitHubSearch/src/store/commit/sagas.js": {"path":"/mnt/d/projects/tests/GitHubSearch/src/store/commit/sagas.js","statementMap":{"0":{"start":{"line":1,"column":43},"end":{"line":1,"column":99}},"1":{"start":{"line":1,"column":129},"end":{"line":1,"column":184}},"2":{"start":{"line":1,"column":185},"end":{"line":1,"column":247}},"3":{"start":{"line":1,"column":247},"end":{"line":1,"column":270}},"4":{"start":{"line":1,"column":289},"end":{"line":1,"column":350}},"5":{"start":{"line":1,"column":366},"end":{"line":1,"column":395}},"6":{"start":{"line":2,"column":12},"end":{"line":2,"column":61}},"7":{"start":{"line":3,"column":18},"end":{"line":3,"column":64}},"8":{"start":{"line":3,"column":79},"end":{"line":5,"column":12}},"9":{"start":{"line":5,"column":24},"end":{"line":10,"column":14}},"10":{"start":{"line":10,"column":26},"end":{"line":14,"column":5}},"11":{"start":{"line":14,"column":41},"end":{"line":14,"column":307}},"12":{"start":{"line":14,"column":107},"end":{"line":14,"column":295}},"13":{"start":{"line":14,"column":118},"end":{"line":14,"column":294}},"14":{"start":{"line":14,"column":165},"end":{"line":14,"column":178}},"15":{"start":{"line":14,"column":178},"end":{"line":14,"column":196}},"16":{"start":{"line":14,"column":196},"end":{"line":14,"column":252}},"17":{"start":{"line":14,"column":270},"end":{"line":14,"column":293}},"18":{"start":{"line":14,"column":334},"end":{"line":14,"column":605}},"19":{"start":{"line":14,"column":403},"end":{"line":14,"column":592}},"20":{"start":{"line":14,"column":414},"end":{"line":14,"column":591}},"21":{"start":{"line":14,"column":463},"end":{"line":14,"column":482}},"22":{"start":{"line":14,"column":482},"end":{"line":14,"column":548}},"23":{"start":{"line":14,"column":566},"end":{"line":14,"column":590}},"24":{"start":{"line":14,"column":623},"end":{"line":16,"column":85}},"25":{"start":{"line":14,"column":683},"end":{"line":16,"column":72}},"26":{"start":{"line":14,"column":694},"end":{"line":16,"column":71}},"27":{"start":{"line":14,"column":743},"end":{"line":14,"column":762}},"28":{"start":{"line":15,"column":10},"end":{"line":16,"column":28}},"29":{"start":{"line":16,"column":46},"end":{"line":16,"column":70}}},"fnMap":{"0":{"name":"loadCommits","decl":{"start":{"line":14,"column":15},"end":{"line":14,"column":26}},"loc":{"start":{"line":14,"column":33},"end":{"line":14,"column":308}},"line":14},"1":{"name":"loadCommits$","decl":{"start":{"line":14,"column":83},"end":{"line":14,"column":95}},"loc":{"start":{"line":14,"column":106},"end":{"line":14,"column":296}},"line":14},"2":{"name":"watchRepoName","decl":{"start":{"line":14,"column":317},"end":{"line":14,"column":330}},"loc":{"start":{"line":14,"column":333},"end":{"line":14,"column":606}},"line":14},"3":{"name":"watchRepoName$","decl":{"start":{"line":14,"column":376},"end":{"line":14,"column":390}},"loc":{"start":{"line":14,"column":402},"end":{"line":14,"column":593}},"line":14},"4":{"name":"root","decl":{"start":{"line":14,"column":615},"end":{"line":14,"column":619}},"loc":{"start":{"line":14,"column":622},"end":{"line":16,"column":86}},"line":14},"5":{"name":"root$","decl":{"start":{"line":14,"column":665},"end":{"line":14,"column":670}},"loc":{"start":{"line":14,"column":682},"end":{"line":16,"column":73}},"line":14}},"branchMap":{"0":{"loc":{"start":{"line":14,"column":118},"end":{"line":14,"column":294}},"type":"switch","locations":[{"start":{"line":14,"column":158},"end":{"line":14,"column":252}},{"start":{"line":14,"column":252},"end":{"line":14,"column":259}},{"start":{"line":14,"column":259},"end":{"line":14,"column":293}}],"line":14},"1":{"loc":{"start":{"line":14,"column":414},"end":{"line":14,"column":591}},"type":"switch","locations":[{"start":{"line":14,"column":456},"end":{"line":14,"column":548}},{"start":{"line":14,"column":548},"end":{"line":14,"column":555}},{"start":{"line":14,"column":555},"end":{"line":14,"column":590}}],"line":14},"2":{"loc":{"start":{"line":14,"column":694},"end":{"line":16,"column":71}},"type":"switch","locations":[{"start":{"line":14,"column":736},"end":{"line":16,"column":28}},{"start":{"line":16,"column":28},"end":{"line":16,"column":35}},{"start":{"line":16,"column":35},"end":{"line":16,"column":70}}],"line":14}},"s":{"0":1,"1":1,"2":1,"3":1,"4":1,"5":1,"6":1,"7":1,"8":1,"9":1,"10":1,"11":2,"12":4,"13":4,"14":2,"15":2,"16":2,"17":2,"18":2,"19":4,"20":4,"21":2,"22":2,"23":2,"24":2,"25":4,"26":4,"27":2,"28":2,"29":2},"f":{"0":2,"1":4,"2":2,"3":4,"4":2,"5":4},"b":{"0":[2,2,2],"1":[2,2,2],"2":[2,0,2]},"_coverageSchema":"43e27e138ebf9cfc5966b082cf9a028302ed4184","hash":"cab88989bbca562701bf048a2f8d66e029a2fec9"}
,"/mnt/d/projects/tests/GitHubSearch/src/store/repository/actionTypes.js": {"path":"/mnt/d/projects/tests/GitHubSearch/src/store/repository/actionTypes.js","statementMap":{"0":{"start":{"line":1,"column":13},"end":{"line":1,"column":75}},"1":{"start":{"line":1,"column":75},"end":{"line":1,"column":211}},"2":{"start":{"line":1,"column":238},"end":{"line":1,"column":271}},"3":{"start":{"line":1,"column":272},"end":{"line":1,"column":324}},"4":{"start":{"line":2,"column":21},"end":{"line":2,"column":48}},"5":{"start":{"line":2,"column":49},"end":{"line":2,"column":89}},"6":{"start":{"line":3,"column":19},"end":{"line":3,"column":44}},"7":{"start":{"line":3,"column":45},"end":{"line":3,"column":81}},"8":{"start":{"line":4,"column":18},"end":{"line":4,"column":42}},"9":{"start":{"line":4,"column":43},"end":{"line":4,"column":77}},"10":{"start":{"line":5,"column":24},"end":{"line":5,"column":54}},"11":{"start":{"line":5,"column":55},"end":{"line":5,"column":101}}},"fnMap":{},"branchMap":{},"s":{"0":2,"1":2,"2":2,"3":2,"4":2,"5":2,"6":2,"7":2,"8":2,"9":2,"10":2,"11":2},"f":{},"b":{},"_coverageSchema":"43e27e138ebf9cfc5966b082cf9a028302ed4184","hash":"f40197a5313e2692965c6f6c7cc61904628e84f8"}
,"/mnt/d/projects/tests/GitHubSearch/src/store/repository/actions.js": {"path":"/mnt/d/projects/tests/GitHubSearch/src/store/repository/actions.js","statementMap":{"0":{"start":{"line":1,"column":43},"end":{"line":1,"column":99}},"1":{"start":{"line":1,"column":100},"end":{"line":1,"column":162}},"2":{"start":{"line":1,"column":162},"end":{"line":1,"column":291}},"3":{"start":{"line":1,"column":303},"end":{"line":1,"column":352}},"4":{"start":{"line":3,"column":25},"end":{"line":5,"column":18}},"5":{"start":{"line":3,"column":60},"end":{"line":5,"column":17}},"6":{"start":{"line":5,"column":19},"end":{"line":5,"column":67}},"7":{"start":{"line":8,"column":20},"end":{"line":9,"column":34}},"8":{"start":{"line":8,"column":46},"end":{"line":9,"column":33}},"9":{"start":{"line":9,"column":35},"end":{"line":9,"column":73}},"10":{"start":{"line":12,"column":18},"end":{"line":14,"column":18}},"11":{"start":{"line":12,"column":46},"end":{"line":14,"column":17}},"12":{"start":{"line":14,"column":19},"end":{"line":14,"column":53}},"13":{"start":{"line":17,"column":17},"end":{"line":19,"column":20}},"14":{"start":{"line":17,"column":45},"end":{"line":19,"column":19}},"15":{"start":{"line":19,"column":21},"end":{"line":19,"column":53}},"16":{"start":{"line":22,"column":22},"end":{"line":24,"column":18}},"17":{"start":{"line":22,"column":54},"end":{"line":24,"column":17}},"18":{"start":{"line":24,"column":19},"end":{"line":24,"column":61}}},"fnMap":{"0":{"name":"searchInputChanged","decl":{"start":{"line":3,"column":34},"end":{"line":3,"column":52}},"loc":{"start":{"line":3,"column":59},"end":{"line":5,"column":18}},"line":3},"1":{"name":"listRequested","decl":{"start":{"line":8,"column":29},"end":{"line":8,"column":42}},"loc":{"start":{"line":8,"column":45},"end":{"line":9,"column":34}},"line":8},"2":{"name":"listFetched","decl":{"start":{"line":12,"column":27},"end":{"line":12,"column":38}},"loc":{"start":{"line":12,"column":45},"end":{"line":14,"column":18}},"line":12},"3":{"name":"listFailed","decl":{"start":{"line":17,"column":26},"end":{"line":17,"column":36}},"loc":{"start":{"line":17,"column":44},"end":{"line":19,"column":20}},"line":17},"4":{"name":"setFilteredList","decl":{"start":{"line":22,"column":31},"end":{"line":22,"column":46}},"loc":{"start":{"line":22,"column":53},"end":{"line":24,"column":18}},"line":22}},"branchMap":{},"s":{"0":2,"1":2,"2":2,"3":2,"4":2,"5":1,"6":2,"7":2,"8":6,"9":2,"10":2,"11":2,"12":2,"13":2,"14":2,"15":2,"16":2,"17":2,"18":2},"f":{"0":1,"1":6,"2":2,"3":2,"4":2},"b":{},"_coverageSchema":"43e27e138ebf9cfc5966b082cf9a028302ed4184","hash":"7ebde0c0174d248deabf8fa6e1bb36cca7958d00"}
,"/mnt/d/projects/tests/GitHubSearch/src/store/repository/sagas.js": {"path":"/mnt/d/projects/tests/GitHubSearch/src/store/repository/sagas.js","statementMap":{"0":{"start":{"line":1,"column":43},"end":{"line":1,"column":99}},"1":{"start":{"line":1,"column":129},"end":{"line":1,"column":184}},"2":{"start":{"line":1,"column":185},"end":{"line":1,"column":247}},"3":{"start":{"line":1,"column":247},"end":{"line":1,"column":270}},"4":{"start":{"line":1,"column":289},"end":{"line":1,"column":350}},"5":{"start":{"line":1,"column":366},"end":{"line":1,"column":395}},"6":{"start":{"line":3,"column":16},"end":{"line":3,"column":63}},"7":{"start":{"line":4,"column":14},"end":{"line":4,"column":59}},"8":{"start":{"line":5,"column":12},"end":{"line":5,"column":61}},"9":{"start":{"line":6,"column":16},"end":{"line":6,"column":71}},"10":{"start":{"line":7,"column":18},"end":{"line":7,"column":64}},"11":{"start":{"line":7,"column":79},"end":{"line":9,"column":17}},"12":{"start":{"line":9,"column":29},"end":{"line":13,"column":19}},"13":{"start":{"line":13,"column":31},"end":{"line":21,"column":10}},"14":{"start":{"line":21,"column":22},"end":{"line":25,"column":17}},"15":{"start":{"line":25,"column":29},"end":{"line":29,"column":5}},"16":{"start":{"line":29,"column":35},"end":{"line":29,"column":294}},"17":{"start":{"line":29,"column":106},"end":{"line":29,"column":282}},"18":{"start":{"line":29,"column":117},"end":{"line":29,"column":281}},"19":{"start":{"line":29,"column":164},"end":{"line":29,"column":182}},"20":{"start":{"line":29,"column":182},"end":{"line":29,"column":239}},"21":{"start":{"line":29,"column":257},"end":{"line":29,"column":280}},"22":{"start":{"line":29,"column":343},"end":{"line":29,"column":863}},"23":{"start":{"line":29,"column":417},"end":{"line":29,"column":850}},"24":{"start":{"line":29,"column":428},"end":{"line":29,"column":849}},"25":{"start":{"line":29,"column":477},"end":{"line":29,"column":496}},"26":{"start":{"line":29,"column":496},"end":{"line":29,"column":528}},"27":{"start":{"line":29,"column":535},"end":{"line":29,"column":554}},"28":{"start":{"line":29,"column":554},"end":{"line":29,"column":604}},"29":{"start":{"line":29,"column":611},"end":{"line":29,"column":630}},"30":{"start":{"line":29,"column":630},"end":{"line":29,"column":686}},"31":{"start":{"line":29,"column":693},"end":{"line":29,"column":723}},"32":{"start":{"line":29,"column":723},"end":{"line":29,"column":742}},"33":{"start":{"line":29,"column":742},"end":{"line":29,"column":806}},"34":{"start":{"line":29,"column":824},"end":{"line":29,"column":848}},"35":{"start":{"line":29,"column":886},"end":{"line":29,"column":1161}},"36":{"start":{"line":29,"column":951},"end":{"line":29,"column":1148}},"37":{"start":{"line":29,"column":962},"end":{"line":29,"column":1147}},"38":{"start":{"line":29,"column":1011},"end":{"line":29,"column":1030}},"39":{"start":{"line":29,"column":1030},"end":{"line":29,"column":1104}},"40":{"start":{"line":29,"column":1122},"end":{"line":29,"column":1146}},"41":{"start":{"line":29,"column":1191},"end":{"line":29,"column":1479}},"42":{"start":{"line":29,"column":1263},"end":{"line":29,"column":1466}},"43":{"start":{"line":29,"column":1274},"end":{"line":29,"column":1465}},"44":{"start":{"line":29,"column":1323},"end":{"line":29,"column":1342}},"45":{"start":{"line":29,"column":1342},"end":{"line":29,"column":1422}},"46":{"start":{"line":29,"column":1440},"end":{"line":29,"column":1464}},"47":{"start":{"line":29,"column":1497},"end":{"line":32,"column":88}},"48":{"start":{"line":29,"column":1557},"end":{"line":32,"column":75}},"49":{"start":{"line":29,"column":1568},"end":{"line":32,"column":74}},"50":{"start":{"line":29,"column":1617},"end":{"line":29,"column":1636}},"51":{"start":{"line":30,"column":10},"end":{"line":32,"column":31}},"52":{"start":{"line":32,"column":49},"end":{"line":32,"column":73}}},"fnMap":{"0":{"name":"loadRepositories","decl":{"start":{"line":29,"column":15},"end":{"line":29,"column":31}},"loc":{"start":{"line":29,"column":34},"end":{"line":29,"column":295}},"line":29},"1":{"name":"loadRepositories$","decl":{"start":{"line":29,"column":77},"end":{"line":29,"column":94}},"loc":{"start":{"line":29,"column":105},"end":{"line":29,"column":283}},"line":29},"2":{"name":"searchRepositories","decl":{"start":{"line":29,"column":304},"end":{"line":29,"column":322}},"loc":{"start":{"line":29,"column":325},"end":{"line":29,"column":864}},"line":29},"3":{"name":"searchRepositories$","decl":{"start":{"line":29,"column":385},"end":{"line":29,"column":404}},"loc":{"start":{"line":29,"column":416},"end":{"line":29,"column":851}},"line":29},"4":{"name":"watchUser","decl":{"start":{"line":29,"column":873},"end":{"line":29,"column":882}},"loc":{"start":{"line":29,"column":885},"end":{"line":29,"column":1162}},"line":29},"5":{"name":"watchUser$","decl":{"start":{"line":29,"column":928},"end":{"line":29,"column":938}},"loc":{"start":{"line":29,"column":950},"end":{"line":29,"column":1149}},"line":29},"6":{"name":"watchSearchInput","decl":{"start":{"line":29,"column":1171},"end":{"line":29,"column":1187}},"loc":{"start":{"line":29,"column":1190},"end":{"line":29,"column":1480}},"line":29},"7":{"name":"watchSearchInput$","decl":{"start":{"line":29,"column":1233},"end":{"line":29,"column":1250}},"loc":{"start":{"line":29,"column":1262},"end":{"line":29,"column":1467}},"line":29},"8":{"name":"root","decl":{"start":{"line":29,"column":1489},"end":{"line":29,"column":1493}},"loc":{"start":{"line":29,"column":1496},"end":{"line":32,"column":89}},"line":29},"9":{"name":"root$","decl":{"start":{"line":29,"column":1539},"end":{"line":29,"column":1544}},"loc":{"start":{"line":29,"column":1556},"end":{"line":32,"column":76}},"line":29}},"branchMap":{"0":{"loc":{"start":{"line":29,"column":117},"end":{"line":29,"column":281}},"type":"switch","locations":[{"start":{"line":29,"column":157},"end":{"line":29,"column":239}},{"start":{"line":29,"column":239},"end":{"line":29,"column":246}},{"start":{"line":29,"column":246},"end":{"line":29,"column":280}}],"line":29},"1":{"loc":{"start":{"line":29,"column":428},"end":{"line":29,"column":849}},"type":"switch","locations":[{"start":{"line":29,"column":470},"end":{"line":29,"column":528}},{"start":{"line":29,"column":528},"end":{"line":29,"column":604}},{"start":{"line":29,"column":604},"end":{"line":29,"column":686}},{"start":{"line":29,"column":686},"end":{"line":29,"column":806}},{"start":{"line":29,"column":806},"end":{"line":29,"column":813}},{"start":{"line":29,"column":813},"end":{"line":29,"column":848}}],"line":29},"2":{"loc":{"start":{"line":29,"column":962},"end":{"line":29,"column":1147}},"type":"switch","locations":[{"start":{"line":29,"column":1004},"end":{"line":29,"column":1104}},{"start":{"line":29,"column":1104},"end":{"line":29,"column":1111}},{"start":{"line":29,"column":1111},"end":{"line":29,"column":1146}}],"line":29},"3":{"loc":{"start":{"line":29,"column":1274},"end":{"line":29,"column":1465}},"type":"switch","locations":[{"start":{"line":29,"column":1316},"end":{"line":29,"column":1422}},{"start":{"line":29,"column":1422},"end":{"line":29,"column":1429}},{"start":{"line":29,"column":1429},"end":{"line":29,"column":1464}}],"line":29},"4":{"loc":{"start":{"line":29,"column":1568},"end":{"line":32,"column":74}},"type":"switch","locations":[{"start":{"line":29,"column":1610},"end":{"line":32,"column":31}},{"start":{"line":32,"column":31},"end":{"line":32,"column":38}},{"start":{"line":32,"column":38},"end":{"line":32,"column":73}}],"line":29}},"s":{"0":1,"1":1,"2":1,"3":1,"4":1,"5":1,"6":1,"7":1,"8":1,"9":1,"10":1,"11":1,"12":1,"13":1,"14":1,"15":1,"16":2,"17":4,"18":4,"19":2,"20":2,"21":2,"22":1,"23":5,"24":5,"25":1,"26":1,"27":1,"28":1,"29":1,"30":1,"31":1,"32":1,"33":1,"34":1,"35":3,"36":6,"37":6,"38":3,"39":3,"40":3,"41":3,"42":6,"43":6,"44":3,"45":3,"46":3,"47":3,"48":6,"49":6,"50":3,"51":3,"52":3},"f":{"0":2,"1":4,"2":1,"3":5,"4":3,"5":6,"6":3,"7":6,"8":3,"9":6},"b":{"0":[2,2,2],"1":[1,1,1,1,1,1],"2":[3,3,3],"3":[3,3,3],"4":[3,0,3]},"_coverageSchema":"43e27e138ebf9cfc5966b082cf9a028302ed4184","hash":"41a883f78cb902951bff4a5c83792589f262e850"}
,"/mnt/d/projects/tests/GitHubSearch/src/store/repository/selectors.js": {"path":"/mnt/d/projects/tests/GitHubSearch/src/store/repository/selectors.js","statementMap":{"0":{"start":{"line":1,"column":13},"end":{"line":1,"column":75}},"1":{"start":{"line":1,"column":75},"end":{"line":1,"column":192}},"2":{"start":{"line":1,"column":208},"end":{"line":1,"column":227}},"3":{"start":{"line":3,"column":14},"end":{"line":3,"column":69}},"4":{"start":{"line":3,"column":39},"end":{"line":3,"column":68}},"5":{"start":{"line":3,"column":70},"end":{"line":3,"column":96}},"6":{"start":{"line":4,"column":22},"end":{"line":4,"column":93}},"7":{"start":{"line":4,"column":55},"end":{"line":4,"column":92}},"8":{"start":{"line":4,"column":94},"end":{"line":4,"column":136}},"9":{"start":{"line":5,"column":14},"end":{"line":5,"column":69}},"10":{"start":{"line":5,"column":39},"end":{"line":5,"column":68}},"11":{"start":{"line":5,"column":70},"end":{"line":5,"column":96}},"12":{"start":{"line":6,"column":17},"end":{"line":6,"column":78}},"13":{"start":{"line":6,"column":45},"end":{"line":6,"column":77}},"14":{"start":{"line":6,"column":79},"end":{"line":6,"column":111}},"15":{"start":{"line":8,"column":23},"end":{"line":13,"column":81}},"16":{"start":{"line":10,"column":24},"end":{"line":13,"column":79}},"17":{"start":{"line":12,"column":21},"end":{"line":13,"column":75}},"18":{"start":{"line":13,"column":82},"end":{"line":13,"column":126}}},"fnMap":{"0":{"name":"getList","decl":{"start":{"line":3,"column":23},"end":{"line":3,"column":30}},"loc":{"start":{"line":3,"column":38},"end":{"line":3,"column":69}},"line":3},"1":{"name":"getFilteredList","decl":{"start":{"line":4,"column":31},"end":{"line":4,"column":46}},"loc":{"start":{"line":4,"column":54},"end":{"line":4,"column":93}},"line":4},"2":{"name":"getTerm","decl":{"start":{"line":5,"column":23},"end":{"line":5,"column":30}},"loc":{"start":{"line":5,"column":38},"end":{"line":5,"column":69}},"line":5},"3":{"name":"getLoading","decl":{"start":{"line":6,"column":26},"end":{"line":6,"column":36}},"loc":{"start":{"line":6,"column":44},"end":{"line":6,"column":78}},"line":6},"4":{"name":"(anonymous_4)","decl":{"start":{"line":10,"column":0},"end":{"line":10,"column":1}},"loc":{"start":{"line":10,"column":23},"end":{"line":13,"column":80}},"line":10},"5":{"name":"(anonymous_5)","decl":{"start":{"line":12,"column":4},"end":{"line":12,"column":5}},"loc":{"start":{"line":12,"column":20},"end":{"line":13,"column":76}},"line":12}},"branchMap":{"0":{"loc":{"start":{"line":13,"column":8},"end":{"line":13,"column":73}},"type":"binary-expr","locations":[{"start":{"line":13,"column":8},"end":{"line":13,"column":36}},{"start":{"line":13,"column":40},"end":{"line":13,"column":73}}],"line":13}},"s":{"0":1,"1":1,"2":1,"3":1,"4":1,"5":1,"6":1,"7":0,"8":1,"9":1,"10":1,"11":1,"12":1,"13":0,"14":1,"15":1,"16":1,"17":2,"18":1},"f":{"0":1,"1":0,"2":1,"3":0,"4":1,"5":2},"b":{"0":[2,1]},"_coverageSchema":"43e27e138ebf9cfc5966b082cf9a028302ed4184","hash":"643e7d02a60b0f580108974bde94c73245648a58"}
}
