TN:
SF:/mnt/d/projects/tests/GitHubSearch/src/assets/images/BackIconImg.png
FNF:0
FNH:0
DA:1,1
LF:1
LH:1
BRF:0
BRH:0
end_of_record
TN:
SF:/mnt/d/projects/tests/GitHubSearch/src/assets/images/HeaderLogoImg.png
FNF:0
FNH:0
DA:1,1
LF:1
LH:1
BRF:0
BRH:0
end_of_record
TN:
SF:/mnt/d/projects/tests/GitHubSearch/src/components/theme.js
FN:16,getColorFromProps
FNF:1
FNH:1
FNDA:8,getColorFromProps
DA:1,6
DA:11,6
DA:16,6
DA:17,8
DA:18,8
DA:19,20
DA:20,3
DA:23,5
DA:26,6
DA:32,6
LF:10
LH:10
BRDA:19,0,0,3
BRDA:19,0,1,17
BRF:2
BRH:2
end_of_record
TN:
SF:/mnt/d/projects/tests/GitHubSearch/src/components/Button/index.js
FN:6,Button
FNF:1
FNH:1
FNDA:3,Button
DA:1,1
DA:2,1
DA:4,1
DA:6,3
DA:7,3
DA:14,1
DA:20,1
LF:7
LH:7
BRF:0
BRH:0
end_of_record
TN:
SF:/mnt/d/projects/tests/GitHubSearch/src/components/Button/styles.js
FN:3,_templateObject2
FN:3,_templateObject2
FN:3,_templateObject
FN:3,_templateObject
FN:9,(anonymous_4)
FN:12,(anonymous_5)
FNF:6
FNH:4
FNDA:1,_templateObject2
FNDA:0,_templateObject2
FNDA:1,_templateObject
FNDA:0,_templateObject
FNDA:4,(anonymous_4)
FNDA:4,(anonymous_5)
DA:1,1
DA:3,1
DA:5,1
DA:9,4
DA:12,4
DA:15,1
DA:16,1
LF:7
LH:7
BRDA:12,0,0,1
BRDA:12,0,1,3
BRF:2
BRH:2
end_of_record
TN:
SF:/mnt/d/projects/tests/GitHubSearch/src/components/Loading/index.js
FN:8,Loading
FN:12,(anonymous_1)
FN:21,(anonymous_2)
FNF:3
FNH:2
FNDA:4,Loading
FNDA:2,(anonymous_1)
FNDA:0,(anonymous_2)
DA:1,1
DA:2,1
DA:3,1
DA:5,1
DA:6,1
DA:8,4
DA:9,4
DA:10,4
DA:12,4
DA:13,2
DA:14,2
DA:15,2
DA:16,1
DA:17,1
DA:19,1
DA:21,0
DA:26,4
DA:33,1
DA:37,1
LF:19
LH:18
BRDA:13,0,0,2
BRDA:13,0,1,0
BRDA:15,1,0,1
BRDA:15,1,1,1
BRF:4
BRH:3
end_of_record
TN:
SF:/mnt/d/projects/tests/GitHubSearch/src/components/Loading/styles.js
FN:4,_templateObject
FN:4,_templateObject
FNF:2
FNH:1
FNDA:1,_templateObject
FNDA:0,_templateObject
DA:1,1
DA:2,1
DA:4,1
DA:6,1
DA:15,1
LF:5
LH:5
BRF:0
BRH:0
end_of_record
TN:
SF:/mnt/d/projects/tests/GitHubSearch/src/components/common/BackIcon.js
FN:6,BackIcon
FNF:1
FNH:1
FNDA:1,BackIcon
DA:1,1
DA:3,1
DA:4,1
DA:6,1
DA:12,1
LF:5
LH:5
BRF:0
BRH:0
end_of_record
TN:
SF:/mnt/d/projects/tests/GitHubSearch/src/components/common/Header.js
FN:8,Header
FNF:1
FNH:1
FNDA:2,Header
DA:1,1
DA:2,1
DA:4,1
DA:5,1
DA:6,1
DA:8,2
DA:15,1
DA:19,1
LF:8
LH:8
BRDA:10,0,0,2
BRDA:10,0,1,1
BRF:2
BRH:2
end_of_record
TN:
SF:/mnt/d/projects/tests/GitHubSearch/src/components/common/Label.js
FN:3,_templateObject
FN:3,_templateObject
FN:7,(anonymous_2)
FNF:3
FNH:2
FNDA:1,_templateObject
FNDA:0,_templateObject
FNDA:2,(anonymous_2)
DA:1,1
DA:3,1
DA:5,1
DA:7,2
DA:11,1
LF:5
LH:5
BRF:0
BRH:0
end_of_record
TN:
SF:/mnt/d/projects/tests/GitHubSearch/src/components/common/ScreenContainer.js
FN:3,_templateObject
FN:3,_templateObject
FN:7,(anonymous_2)
FNF:3
FNH:2
FNDA:1,_templateObject
FNDA:0,_templateObject
FNDA:2,(anonymous_2)
DA:1,1
DA:2,1
DA:3,1
DA:5,1
DA:7,2
DA:11,1
LF:6
LH:6
BRDA:7,0,0,1
BRDA:7,0,1,1
BRF:2
BRH:2
end_of_record
TN:
SF:/mnt/d/projects/tests/GitHubSearch/src/components/common/styles.js
FN:3,_templateObject4
FN:3,_templateObject4
FN:3,_templateObject3
FN:3,_templateObject3
FN:3,_templateObject2
FN:3,_templateObject2
FN:3,_templateObject
FN:3,_templateObject
FNF:8
FNH:4
FNDA:1,_templateObject4
FNDA:0,_templateObject4
FNDA:1,_templateObject3
FNDA:0,_templateObject3
FNDA:1,_templateObject2
FNDA:0,_templateObject2
FNDA:1,_templateObject
FNDA:0,_templateObject
DA:1,1
DA:3,1
DA:5,1
DA:8,1
DA:11,1
DA:15,1
DA:22,1
LF:7
LH:7
BRF:0
BRH:0
end_of_record
TN:
SF:/mnt/d/projects/tests/GitHubSearch/src/providers/auth.provider.js
FN:30,fetchUsername
FN:30,fetchUsername$
FN:30,fetchLogin
FN:30,fetchLogin$
FNF:4
FNH:4
FNDA:2,fetchUsername
FNDA:9,fetchUsername$
FNDA:2,fetchLogin
FNDA:9,fetchLogin$
DA:1,1
DA:2,1
DA:4,1
DA:11,1
DA:30,12
DA:31,2
DA:32,2
DA:33,2
DA:37,2
DA:39,1
DA:40,1
DA:41,1
DA:43,1
DA:46,1
DA:48,2
LF:15
LH:15
BRDA:30,0,0,2
BRDA:30,0,1,2
BRDA:30,0,2,2
BRDA:30,0,3,1
BRDA:30,0,4,1
BRDA:30,0,5,1
BRDA:30,0,6,1
BRDA:30,0,7,2
BRDA:30,0,8,2
BRDA:30,1,0,1
BRDA:30,1,1,1
BRDA:30,2,0,2
BRDA:30,2,1,1
BRDA:30,3,0,1
BRDA:30,3,1,1
BRDA:30,4,0,2
BRDA:30,4,1,2
BRDA:30,4,2,1
BRDA:30,4,3,1
BRDA:30,4,4,0
BRDA:30,4,5,1
BRDA:30,4,6,1
BRDA:30,4,7,0
BRDA:30,4,8,2
BRDA:37,5,0,1
BRDA:37,5,1,1
BRDA:46,6,0,1
BRDA:46,6,1,1
BRF:28
BRH:26
end_of_record
TN:
SF:/mnt/d/projects/tests/GitHubSearch/src/providers/repository.provider.js
FN:24,fetchRepositories
FN:24,fetchRepositories$
FN:24,fetchCommits
FN:24,fetchCommits$
FNF:4
FNH:4
FNDA:2,fetchRepositories
FNDA:9,fetchRepositories$
FNDA:2,fetchCommits
FNDA:7,fetchCommits$
DA:1,2
DA:2,2
DA:4,2
DA:5,2
DA:7,2
DA:24,12
DA:25,2
DA:28,2
DA:30,1
DA:31,1
DA:33,1
DA:36,2
LF:12
LH:12
BRDA:24,0,0,2
BRDA:24,0,1,2
BRDA:24,0,2,2
BRDA:24,0,3,1
BRDA:24,0,4,1
BRDA:24,0,5,1
BRDA:24,0,6,1
BRDA:24,0,7,2
BRDA:24,0,8,2
BRDA:24,1,0,1
BRDA:24,1,1,1
BRDA:24,2,0,2
BRDA:24,2,1,1
BRDA:24,3,0,1
BRDA:24,3,1,1
BRDA:24,4,0,2
BRDA:24,4,1,2
BRDA:24,4,2,1
BRDA:24,4,3,1
BRDA:24,4,4,1
BRDA:24,4,5,1
BRDA:24,4,6,2
BRDA:24,4,7,2
BRDA:28,5,0,1
BRDA:28,5,1,1
BRDA:30,6,0,2
BRDA:30,6,1,1
BRDA:36,7,0,1
BRDA:36,7,1,1
BRF:29
BRH:29
end_of_record
TN:
SF:/mnt/d/projects/tests/GitHubSearch/src/store/auth/actionTypes.js
FNF:0
FNH:0
DA:1,2
DA:2,2
DA:3,2
DA:4,2
DA:5,2
DA:6,2
LF:6
LH:6
BRF:0
BRH:0
end_of_record
TN:
SF:/mnt/d/projects/tests/GitHubSearch/src/store/auth/actions.js
FN:3,loginRequested
FN:8,loginSucceed
FN:13,loginFailed
FN:18,searchLoginRequested
FN:22,searchLoginSucceed
FN:27,setEmail
FNF:6
FNH:6
FNDA:2,loginRequested
FNDA:4,loginSucceed
FNDA:4,loginFailed
FNDA:4,searchLoginRequested
FNDA:2,searchLoginSucceed
FNDA:2,setEmail
DA:1,2
DA:3,2
DA:5,2
DA:8,4
DA:10,2
DA:13,4
DA:15,2
DA:18,4
DA:19,2
DA:22,2
DA:24,2
DA:27,2
DA:29,2
LF:13
LH:13
BRF:0
BRH:0
end_of_record
TN:
SF:/mnt/d/projects/tests/GitHubSearch/src/store/auth/sagas.js
FN:32,loginUser
FN:32,loginUser$
FN:32,searchUsername
FN:32,searchUsername$
FN:32,watchLogin
FN:32,watchLogin$
FN:32,watchEmail
FN:32,watchEmail$
FN:32,root
FN:32,root$
FNF:10
FNH:10
FNDA:2,loginUser
FNDA:4,loginUser$
FNDA:2,searchUsername
FNDA:4,searchUsername$
FNDA:4,watchLogin
FNDA:8,watchLogin$
FNDA:4,watchEmail
FNDA:8,watchEmail$
FNDA:4,root
FNDA:8,root$
DA:1,1
DA:2,1
DA:4,1
DA:5,1
DA:7,1
DA:17,1
DA:24,1
DA:28,1
DA:32,8
DA:33,4
LF:10
LH:10
BRDA:32,0,0,2
BRDA:32,0,1,2
BRDA:32,0,2,2
BRDA:32,0,3,2
BRDA:32,1,0,1
BRDA:32,1,1,1
BRDA:32,2,0,2
BRDA:32,2,1,2
BRDA:32,2,2,2
BRDA:32,3,0,0
BRDA:32,3,1,2
BRDA:32,4,0,4
BRDA:32,4,1,4
BRDA:32,4,2,4
BRDA:32,5,0,4
BRDA:32,5,1,4
BRDA:32,5,2,4
BRDA:32,6,0,4
BRDA:32,6,1,0
BRDA:32,6,2,4
BRF:20
BRH:18
end_of_record
TN:
SF:/mnt/d/projects/tests/GitHubSearch/src/store/commit/actionTypes.js
FNF:0
FNH:0
DA:1,2
DA:2,2
DA:3,2
LF:3
LH:3
BRF:0
BRH:0
end_of_record
TN:
SF:/mnt/d/projects/tests/GitHubSearch/src/store/commit/actions.js
FN:3,listRequested
FN:8,listFetched
FN:13,listFailed
FNF:3
FNH:3
FNDA:2,listRequested
FNDA:2,listFetched
FNDA:2,listFailed
DA:1,2
DA:3,2
DA:5,2
DA:8,2
DA:10,2
DA:13,2
DA:15,2
LF:7
LH:7
BRF:0
BRH:0
end_of_record
TN:
SF:/mnt/d/projects/tests/GitHubSearch/src/store/commit/sagas.js
FN:14,loadCommits
FN:14,loadCommits$
FN:14,watchRepoName
FN:14,watchRepoName$
FN:14,root
FN:14,root$
FNF:6
FNH:6
FNDA:2,loadCommits
FNDA:4,loadCommits$
FNDA:2,watchRepoName
FNDA:4,watchRepoName$
FNDA:2,root
FNDA:4,root$
DA:1,1
DA:2,1
DA:3,1
DA:5,1
DA:10,1
DA:14,4
DA:15,2
DA:16,2
LF:8
LH:8
BRDA:14,0,0,2
BRDA:14,0,1,2
BRDA:14,0,2,2
BRDA:14,1,0,2
BRDA:14,1,1,2
BRDA:14,1,2,2
BRDA:14,2,0,2
BRDA:14,2,1,0
BRDA:14,2,2,2
BRF:9
BRH:8
end_of_record
TN:
SF:/mnt/d/projects/tests/GitHubSearch/src/store/repository/actionTypes.js
FNF:0
FNH:0
DA:1,2
DA:2,2
DA:3,2
DA:4,2
DA:5,2
LF:5
LH:5
BRF:0
BRH:0
end_of_record
TN:
SF:/mnt/d/projects/tests/GitHubSearch/src/store/repository/actions.js
FN:3,searchInputChanged
FN:8,listRequested
FN:12,listFetched
FN:17,listFailed
FN:22,setFilteredList
FNF:5
FNH:5
FNDA:1,searchInputChanged
FNDA:6,listRequested
FNDA:2,listFetched
FNDA:2,listFailed
FNDA:2,setFilteredList
DA:1,2
DA:3,2
DA:5,2
DA:8,6
DA:9,2
DA:12,2
DA:14,2
DA:17,2
DA:19,2
DA:22,2
DA:24,2
LF:11
LH:11
BRF:0
BRH:0
end_of_record
TN:
SF:/mnt/d/projects/tests/GitHubSearch/src/store/repository/sagas.js
FN:29,loadRepositories
FN:29,loadRepositories$
FN:29,searchRepositories
FN:29,searchRepositories$
FN:29,watchUser
FN:29,watchUser$
FN:29,watchSearchInput
FN:29,watchSearchInput$
FN:29,root
FN:29,root$
FNF:10
FNH:10
FNDA:2,loadRepositories
FNDA:4,loadRepositories$
FNDA:1,searchRepositories
FNDA:5,searchRepositories$
FNDA:3,watchUser
FNDA:6,watchUser$
FNDA:3,watchSearchInput
FNDA:6,watchSearchInput$
FNDA:3,root
FNDA:6,root$
DA:1,1
DA:3,1
DA:4,1
DA:5,1
DA:6,1
DA:7,1
DA:9,1
DA:13,1
DA:21,1
DA:25,1
DA:29,6
DA:30,3
DA:32,3
LF:13
LH:13
BRDA:29,0,0,2
BRDA:29,0,1,2
BRDA:29,0,2,2
BRDA:29,1,0,1
BRDA:29,1,1,1
BRDA:29,1,2,1
BRDA:29,1,3,1
BRDA:29,1,4,1
BRDA:29,1,5,1
BRDA:29,2,0,3
BRDA:29,2,1,3
BRDA:29,2,2,3
BRDA:29,3,0,3
BRDA:29,3,1,3
BRDA:29,3,2,3
BRDA:29,4,0,3
BRDA:29,4,1,0
BRDA:29,4,2,3
BRF:18
BRH:17
end_of_record
TN:
SF:/mnt/d/projects/tests/GitHubSearch/src/store/repository/selectors.js
FN:3,getList
FN:4,getFilteredList
FN:5,getTerm
FN:6,getLoading
FN:10,(anonymous_4)
FN:12,(anonymous_5)
FNF:6
FNH:4
FNDA:1,getList
FNDA:0,getFilteredList
FNDA:1,getTerm
FNDA:0,getLoading
FNDA:1,(anonymous_4)
FNDA:2,(anonymous_5)
DA:1,1
DA:3,1
DA:4,1
DA:5,1
DA:6,1
DA:8,1
DA:10,1
DA:12,2
DA:13,1
LF:9
LH:9
BRDA:13,0,0,2
BRDA:13,0,1,1
BRF:2
BRH:2
end_of_record
